==11899== Memcheck, a memory error detector
==11899== Copyright (C) 2002-2015, and GNU GPL'd, by Julian Seward et al.
==11899== Using Valgrind-3.11.0 and LibVEX; rerun with -h for copyright info
==11899== Command: ./a.out 10.129.23.130 1112 300 1
==11899== 
==11899== 
==11899== Process terminating with default action of signal 2 (SIGINT)
==11899==    at 0x4E4A51D: ??? (syscall-template.S:84)
==11899==    by 0x401630: receiveMessage(int, char*) (in /home/ghost/course/cs744/load_gen/a.out)
==11899==    by 0x40269F: login(int) (in /home/ghost/course/cs744/load_gen/a.out)
==11899==    by 0x402845: menu(int) (in /home/ghost/course/cs744/load_gen/a.out)
==11899==    by 0x4028CC: start_threads(void*) (in /home/ghost/course/cs744/load_gen/a.out)
==11899==    by 0x4E416B9: start_thread (pthread_create.c:333)
==11899==    by 0x54E03DC: clone (clone.S:109)
==11899== 
==11899== HEAP SUMMARY:
==11899==     in use at exit: 734,096 bytes in 630 blocks
==11899==   total heap usage: 430,552 allocs, 429,922 frees, 938,675,480 bytes allocated
==11899== 
==11899== LEAK SUMMARY:
==11899==    definitely lost: 0 bytes in 0 blocks
==11899==    indirectly lost: 0 bytes in 0 blocks
==11899==      possibly lost: 86,400 bytes in 300 blocks
==11899==    still reachable: 647,696 bytes in 330 blocks
==11899==         suppressed: 0 bytes in 0 blocks
==11899== Rerun with --leak-check=full to see details of leaked memory
==11899== 
==11899== For counts of detected and suppressed errors, rerun with: -v
==11899== ERROR SUMMARY: 0 errors from 0 contexts (suppressed: 0 from 0)
