1368
859
959
162
461
184
142
131
155
284
834
838
134
154
159
155
174
294
335
417
142
160
165
131
157
193
183
206
171
140
253
179
259
141
251
186
176
144
604
284
157
360
441
795
380
2060
277
7886
163
187
711
198
203
149
121
235
689
188
133
148
382
446
1297
295
201
218
173
144
328
197
165
157
199
202
1077
3113
3755
3516
2016
441
173
1169
265
316
231
124
155
240
198
168
526
200
166
126
222
165
153
187
168
185
194
247
240
199
193
761
198
181
170
202
211
150
237
277
226
386
282
156
172
175
147
997
1174
341
136
421
146
251
172
130
139
140
193
209
184
127
499
160
176
212
191
332
226
200
176
176
309
201
365
679
369
331
1169
1301
554
7078
202
326
395
504
633
477
504
595
144
342
167
155
136
4495
190
142
127
109
1195
135
124
145
110
998
103
195
119
128
107
104
177
142
111
212
135
139
112
202
596
1392
539
133
938
1065
127
301
89
151
241
133
168
144
943
145
9519
122
620
177
290
200
792
1316
139
754
528
499
349
374
435
1009
2615
247
164
291
443
122
183
450
386
156
2205
121
333
207
194
6069
291
176
165
440
384
953
214
188
141
358
201
125
344
154
173
316
1689
286
375
147
748
149
397
279
175
373
170
1114
1539
522
432
579
542
1309
1259
141
145
317
821
720
158
16192
3871
2333
6401
174
168
230
160
240
