478
356
121
103
509
216
126
880
250
221
158
176
152
189
226
148
277
1088
293
111
5883
501
3929
187
290
394
500
693
287
149
130
123
148
423
499
201
177
3857
314
1316
108
160
213
660
146
545
139
295
107
659
217
147
635
778
1698
529
132
443
190
221
406
767
133
143
142
179
287
170
6381
1139
1128
1161
1837
1271
1620
142
357
1861
423
590
98
188
296
348
309
339
1507
161
338
1611
348
868
624
184
804
164
181
1282
476
320
163
154
131
146
190
146
516
181
329
205
146
127
7161
905
306
1004
307
164
790
433
437
180
182
186
311
183
178
128
135
196
117
126
157
167
196
163
338
1783
775
2394
176
2518
205
11962
663
141
398
202
633
1178
1592
593
777
1062
146
178
3896
244
2235
173
563
1983
601
154
283
193
757
151
188
147
143
133
302
165
520
205
353
162
416
185
370
672
138
1832
190
198
400
1080
297
144
169
162
133
172
329
164
172
1449
178
2078
847
180
171
279
372
6619
385
136
179
155
207
279
193
359
209
180
265
190
145
181
389
249
208
193
210
260
172
179
156
259
391
322
146
183
148
330
232
223
200
195
187
128
475
118
885
153
741
659
601
477
1138
240
216
225
168
183
161
1203
872
174
143
189
268
302
215
163
172
325
214
668
121
332
304
511
469
354
551
184
122
3618
1971
1195
5800
775
760
1686
194
3379
992
