177
184
118
146
557
456
579
4946
169
210
187
195
240
159
156
156
232
286
431
492
460
10010
3641
2135
345
311
355
1464
244
392
83
299
158
775
428
203
148
704
254
157
167
439
169
231
433
264
172
199
274
186
173
170
145
137
173
314
270
134
174
125
191
172
161
220
161
108
163
181
184
1026
1370
129
414
724
682
753
184
251
181
775
146
263
180
116
259
189
143
173
1375
1376
2447
255
1587
872
438
185
922
1899
321
2207
545
125
157
187
312
205
137
161
201
156
146
175
165
255
706
2530
470
829
175
199
427
687
723
795
229
165
212
162
156
141
266
161
220
144
151
220
158
121
408
504
349
211
146
189
97
276
237
128
172
253
198
279
2798
152
212
430
857
154
140
203
196
241
477
2283
149
499
825
1117
3488
309
331
492
1540
242
3495
151
471
3045
1555
197
1205
694
175
189
265
257
245
571
1116
162
486
160
248
172
155
341
280
827
663
491
313
213
551
3299
160
1108
1131
402
211
194
13986
1546
624
406
575
186
1971
159
202
173
562
316
821
312
391
2655
1933
705
379
497
205
417
164
328
213
1685
1039
604
602
219
830
107
172
389
307
372
362
167
216
881
784
841
417
431
530
929
1945
295
466
214
1436
1388
128
493
268
144
121
649
373
136
200
490
1520
327
364
202
21689
4966
2486
1940
499
242
159
299
484
