193
249
161
140
203
188
739
6536
168
300
566
190
156
154
147
115
128
353
2500
882
4535
2685
1425
1409
1022
2503
412
193
261
145
1138
223
831
487
281
927
363
1416
289
136
990
295
267
664
345
400
273
357
182
162
600
340
182
194
446
206
198
130
125
209
607
187
225
145
173
111
199
550
558
657
1090
1742
1983
2166
1407
812
1837
237
124
159
140
180
173
187
360
185
161
212
325
189
167
291
274
436
325
133
125
129
192
138
132
545
163
143
154
158
132
129
214
170
303
418
228
315
2858
146
1466
394
439
735
5624
315
164
139
670
2309
309
302
140
360
401
1633
269
310
418
216
118
164
179
996
413
1023
387
1659
145
388
284
1430
426
2054
170
1448
170
134
164
180
118
122
167
163
171
156
238
215
292
173
118
169
143
165
176
185
136
124
146
146
155
168
149
131
205
164
186
205
153
169
155
259
159
138
183
147
147
161
134
145
178
124
234
119
183
126
110
148
205
162
288
162
135
163
135
202
128
175
159
949
143
367
369
324
170
171
181
252
162
246
178
180
186
175
272
123
157
163
203
211
241
157
263
339
173
244
170
194
149
405
245
164
148
119
140
260
295
155
207
158
165
400
206
286
164
226
178
186
132
151
744
218
676
1266
485
330
146
190
176
155
154
168
373
322
9145
273
214
150
183
226
139
19814
1991
4378
230
2356
1361
181
145
280
1300
