7682
153
166
150
492
5701
632
551
328
542
438
292
228
230
360
1053
265
347
975
736
1136
338
1376
218
405
211
168
132
375
198
164
1082
127
153
304
169
1060
112
167
107
348
132
321
208
154
5153
238
162
179
151
1243
187
298
917
10046
298
920
202
395
151
177
232
148
186
165
151
234
184
205
1385
201
217
1087
185
265
331
565
806
309
185
327
452
706
249
232
130
153
150
150
156
237
160
193
263
460
151
1465
4597
11133
151
153
201
531
127
149
294
161
615
632
1448
632
195
6952
394
193
119
195
155
518
409
164
142
162
787
140
8144
478
301
314
1662
1312
637
301
2970
413
775
1098
2087
365
503
641
498
155
591
1500
414
764
725
792
5614
936
3501
131
321
380
4244
3319
1684
188
541
543
176
134
124
229
1678
190
229
632
455
1279
563
768
169
1556
181
1933
430
348
165
129
633
1538
667
739
805
253
559
170
972
1622
211
583
509
217
182
207
6008
164
280
142
148
259
151
208
1297
447
493
146
133
182
391
198
234
360
2879
288
1539
397
656
579
127
172
608
121
651
608
141
727
373
204
783
494
135
199
961
702
1428
261
548
187
169
137
913
1404
681
339
133
132
255
240
215
99
191
527
517
168
8337
3875
19397
1458
2231
2808
707
