409
194
142
924
448
250
492
140
171
133
169
191
266
179
294
228
206
206
157
141
1108
5281
991
4198
274
165
172
194
336
896
122
185
215
566
222
393
107
350
1991
490
178
145
273
122
146
133
274
600
125
174
137
141
151
141
163
125
258
180
139
157
241
171
180
231
252
176
117
151
128
241
423
2876
5863
432
163
235
227
180
245
222
142
164
134
226
127
147
189
1878
144
177
171
159
101
99
249
140
188
155
243
139
251
198
164
138
309
129
197
120
198
159
178
147
142
379
170
1523
206
176
178
178
133
1077
808
129
143
187
161
259
274
202
144
111
118
219
127
303
334
211
192
126
151
220
246
121
161
198
291
2099
4069
159
209
236
1557
204
171
235
842
1523
178
829
226
2611
2022
332
439
586
100
542
251
212
159
292
385
228
128
110
172
148
257
196
155
164
133
134
164
177
456
897
367
452
328
1630
441
560
649
390
228
363
814
481
150
495
237
397
247
196
361
150
432
196
3887
638
674
428
192
5268
126
127
132
127
123
207
155
166
789
226
152
243
148
201
207
305
191
186
180
235
168
199
134
162
219
193
352
334
944
645
904
135
236
148
218
529
182
224
172
271
351
309
204
143
204
378
369
124
177
211
191
1373
155
176
151
122
163
479
160
289
149
277
115
223
371
409
385
426
188
198
227
161
729
116
261
236
189
608
201
185
138
277
304
