235
287
290
157
242
448
728
768
749
187
202
122
237
183
364
194
171
132
150
472
5061
3025
4212
157
135
132
232
178
193
136
153
214
112
182
123
127
111
223
196
132
195
202
150
111
319
148
186
336
170
177
293
207
179
222
162
163
184
161
137
139
219
198
175
310
232
236
211
222
139
129
340
1707
178
220
147
147
249
143
141
186
205
197
144
187
145
298
205
162
115
457
173
134
201
249
145
225
177
169
296
212
247
164
190
128
161
187
247
157
228
182
168
566
194
147
137
131
262
159
211
282
539
1360
810
211
110
135
107
148
114
308
166
146
239
217
220
167
148
232
153
158
163
197
122
202
222
346
640
132
182
640
186
427
170
262
196
179
177
129
235
99
123
207
230
273
200
294
195
150
146
495
229
2934
1943
1474
363
281
254
168
287
173
175
205
167
233
266
273
485
176
405
227
141
4772
233
219
150
742
262
348
393
235
162
167
127
136
116
108
115
137
421
144
112
843
164
242
449
341
167
184
266
183
178
139
133
133
271
119
139
223
182
171
166
150
248
138
258
143
138
172
172
184
204
136
145
213
186
214
144
121
222
201
134
178
171
162
114
161
180
148
165
164
173
198
361
167
121
209
163
224
161
308
171
227
385
192
338
203
397
424
188
191
163
166
132
549
441
134
216
144
175
152
206
2491
8954
5179
1027
264
205
471
624
348
454
