245
122
147
127
181
171
1862
1897
157
486
262
323
636
135
262
181
141
155
189
164
183
303
205
169
236
186
195
264
151
162
379
190
538
373
189
130
139
160
116
134
138
181
222
183
256
181
215
312
219
122
140
133
179
437
521
129
452
188
1464
2032
1295
649
1039
553
847
376
324
169
197
163
458
1821
825
4884
2263
957
405
769
1449
122
201
170
581
1003
433
348
337
228
172
115
121
162
139
161
241
149
461
142
1695
251
1335
457
101
193
231
213
919
130
821
187
578
339
1397
203
152
202
146
218
169
418
197
180
305
162
277
255
210
1267
1797
1688
544
468
1323
154
155
475
574
446
657
3311
520
147
1376
571
2380
315
1517
787
8575
858
161
382
423
182
463
217
138
179
147
154
133
165
125
456
166
157
595
299
1243
421
612
141
479
784
1410
387
671
133
147
330
198
238
189
190
198
284
168
129
4680
109
533
670
317
181
217
183
144
183
201
145
125
216
174
168
175
203
126
103
127
215
153
159
132
119
231
235
125
382
479
547
394
282
775
302
366
221
295
162
234
285
252
200
179
182
128
184
162
241
231
574
684
160
164
142
129
1627
121
143
143
185
228
133
232
120
207
223
132
118
159
150
114
135
157
468
341
179
366
146
6348
5884
969
8070
543
131
563
429
144
