2776
673
218
259
676
1703
268
314
218
671
720
6116
498
279
166
116
249
174
214
626
104
1737
1147
942
181
393
759
282
159
179
425
123
185
314
305
153
8793
165
128
131
1282
314
155
124
241
317
236
157
227
142
232
609
232
173
177
148
169
193
162
460
138
278
236
169
687
157
159
487
189
152
202
199
196
191
97
123
207
1245
131
192
186
271
248
250
189
308
181
195
250
266
698
756
353
159
1620
145
135
565
209
315
138
238
230
201
158
143
314
551
119
180
160
197
250
236
244
300
683
500
265
167
134
295
140
617
748
1521
928
233
145
225
294
253
209
153
118
357
221
154
187
242
170
134
153
207
112
164
198
346
817
490
505
161
144
193
140
1169
143
154
164
494
208
150
207
206
138
185
163
156
131
197
163
238
292
253
133
166
178
238
177
148
180
125
129
137
161
123
157
172
201
132
143
157
142
225
198
221
205
221
111
178
235
156
138
179
237
163
141
244
270
169
191
174
130
162
152
158
1098
113
253
177
179
139
399
179
238
168
267
250
444
285
519
224
224
154
131
183
187
129
169
193
255
258
252
202
143
141
333
149
1629
400
190
131
161
253
225
215
144
145
141
214
174
229
1579
453
1036
338
287
138
166
155
179
151
195
222
162
161
218
138
144
195
398
205
158
616
2367
453
302
359
10758
148
442
130
744
155
158
512
148
7777
326
3955
535
196
399
448
231
119
