230
437
2253
170
180
130
150
187
1360
239
325
196
144
142
294
787
1373
181
3489
223
171
180
207
142
172
428
2498
879
217
947
641
223
250
152
157
166
126
471
169
175
1809
233
158
123
243
534
130
125
160
372
468
231
104
165
172
132
137
192
146
177
216
167
170
119
113
166
193
167
156
149
152
166
222
3301
171
10901
466
1540
3622
1274
530
168
613
808
832
2108
479
157
431
800
856
670
226
1160
870
218
183
182
376
479
181
271
329
201
247
299
643
195
155
386
880
181
798
177
313
822
1189
140
186
227
252
503
292
1450
193
148
499
1037
585
1425
1257
1598
709
739
167
149
115
138
241
256
216
168
2287
872
153
891
300
1567
531
514
153
307
316
259
129
144
362
159
1456
197
191
183
221
359
278
396
162
812
268
216
382
869
238
307
206
493
368
248
426
485
248
241
149
256
204
610
903
269
3978
340
245
2202
423
269
4171
98
99
403
550
960
1001
1253
245
167
178
1235
13463
3730
9547
16036
252
352
182
4107
