265
226
140
161
356
168
372
250
176
302
256
141
143
121
219
149
501
167
250
190
708
941
1257
558
2295
408
533
919
617
313
184
190
119
1290
309
133
164
218
251
223
181
210
158
156
163
214
191
477
403
262
193
222
179
156
335
163
148
137
269
267
266
202
141
217
182
188
496
238
147
277
1230
147
174
198
131
2143
143
352
238
473
177
508
105
266
163
223
141
259
134
255
4296
951
637
1508
1651
556
601
715
1373
2232
1065
750
1150
94
165
144
89
212
300
249
221
160
4105
175
362
155
195
151
175
587
314
526
105
218
150
1022
244
440
645
162
932
214
509
156
148
1019
248
227
226
156
195
318
2892
206
134
196
636
158
468
185
163
135
188
287
134
189
169
173
169
251
220
183
243
227
200
178
118
140
137
343
208
123
314
158
297
146
134
151
223
174
169
275
156
531
221
321
1352
102
145
172
205
451
264
145
202
253
243
291
218
196
181
246
169
172
296
223
2671
263
317
170
167
198
208
309
275
539
245
220
129
362
192
193
156
174
250
161
387
167
165
190
193
291
530
177
312
199
174
190
433
551
299
199
373
554
815
293
1166
164
1032
1177
213
238
730
250
322
187
136
120
239
275
130
170
123
634
248
474
166
126
194
166
163
173
121
164
152
195
120
260
134
232
367
232
130
138
158
151
7723
982
233
293
624
362
2581
2778
217
