563
162
272
163
869
160
1037
225
173
307
194
149
182
852
409
170
236
173
157
124
157
154
284
335
178
199
104
153
151
177
239
140
268
183
713
227
156
168
142
178
267
173
212
152
206
135
179
133
290
126
606
158
230
123
180
178
332
296
195
202
153
160
199
465
593
166
280
182
125
125
445
115
866
2347
3716
826
9232
657
1874
1197
581
452
1405
2761
755
199
2478
275
370
192
1669
188
559
296
733
266
328
149
371
159
176
154
334
240
143
557
126
145
356
356
407
258
190
878
239
3065
4208
541
162
147
266
2176
1071
726
657
1148
11731
679
402
1473
146
153
137
233
144
111
1248
507
126
348
93
529
518
139
3038
221
1177
161
2142
696
454
510
2526
1399
818
1090
3490
237
1029
541
874
161
569
727
1284
734
159
110
308
180
197
483
120
347
205
232
1460
4177
659
670
409
144
1258
666
559
1683
439
2040
380
128
167
443
454
832
210
497
166
917
463
791
876
125
247
1579
177
1406
2198
211
336
458
530
210
470
617
119
135
590
192
1423
211
259
209
160
713
359
1103
230
170
226
707
1799
268
215
186
5780
159
836
173
5226
277
968
133
179
291
185
673
154
255
118
341
461
136
1896
150
753
1240
483
270
396
202
368
295
122
366
1042
171
166
161
150
201
1034
569
222
426
240
151
128
132
990
8024
700
210
1883
584
3122
272
