3445
909
723
196
167
220
273
108
3275
698
1434
405
155
175
170
171
153
186
159
454
727
1801
4502
211
5700
135
486
725
4051
142
240
214
409
311
256
153
183
188
1087
168
207
183
152
139
201
326
168
468
202
291
247
229
145
224
220
810
338
218
180
343
153
203
178
125
242
132
136
272
129
111
147
174
205
243
134
199
135
107
124
242
129
321
217
230
149
206
197
126
190
315
143
173
151
168
156
142
122
169
209
140
168
258
161
195
404
185
166
129
181
182
135
157
169
135
206
219
186
213
177
608
234
183
112
188
236
1124
169
203
179
191
4109
216
190
235
147
179
176
308
132
133
154
208
170
148
192
167
169
181
192
363
139
208
198
173
199
222
296
419
188
557
357
207
747
477
212
684
334
274
222
979
2507
206
289
260
333
6927
595
658
1384
694
1980
707
945
1515
3766
827
522
2017
535
175
136
869
443
417
347
379
712
172
164
336
119
507
1910
1220
847
182
268
823
704
153
175
3130
17981
1116
1031
1202
420
164
12794
977
197
176
232
199
1485
612
235
221
170
142
261
447
158
714
181
166
167
1041
203
528
185
201
138
173
166
1648
206
559
203
3398
130
180
375
266
118
145
176
252
223
385
460
92
200
130
163
131
169
179
150
151
504
155
1188
3202
307
385
760
1326
132
735
296
263
397
124
1782
20437
2216
8639
5167
210
515
295
178
177
