840
172
194
132
182
146
176
123
149
170
290
153
395
249
191
138
165
262
254
137
2587
828
1739
6051
718
930
1273
241
2051
417
447
953
217
545
1016
589
310
864
1176
525
595
471
345
125
174
184
623
266
134
159
165
523
98
118
109
231
215
162
159
91
166
473
153
1241
2049
138
128
114
352
669
118
173
145
182
153
172
237
270
171
176
236
174
162
124
140
146
266
142
143
166
171
169
140
203
165
129
151
161
123
120
217
239
161
163
169
172
139
175
203
169
210
247
294
206
164
246
179
1162
5357
2928
4760
212
144
251
510
121
197
328
4512
289
233
1712
363
148
363
751
180
176
168
158
135
138
1311
204
1204
6850
450
166
205
194
366
253
123
118
156
126
116
214
156
191
113
209
167
146
163
156
212
229
280
203
129
285
166
163
280
527
158
142
224
185
147
738
145
204
216
152
265
132
133
219
189
155
184
258
147
189
667
115
172
215
198
161
206
277
181
350
216
108
236
186
304
123
181
443
271
132
166
267
118
140
153
152
184
365
171
141
186
131
165
140
154
137
215
167
153
172
155
239
178
202
225
223
270
215
156
174
198
164
261
200
850
523
120
1000
862
1063
138
372
183
165
196
142
138
276
475
338
155
147
287
202
170
514
219
204
175
211
211
232
145
158
266
172
402
145
4399
431
1823
138
180
184
557
5875
264
247
3198
772
1507
2633
125
222
