1434
227
700
1343
363
2113
396
138
711
1115
1683
352
155
533
124
204
163
150
211
167
207
1486
715
555
623
1354
4364
1501
519
414
1626
995
1348
280
168
540
5055
136
407
289
260
826
413
403
206
132
184
224
133
300
151
138
149
176
296
158
534
277
267
243
139
153
129
176
230
325
255
99
186
146
186
169
221
412
2314
809
1439
195
123
1646
352
150
167
293
234
595
292
141
223
239
926
145
196
171
11994
149
488
244
301
147
160
183
177
638
493
269
647
130
189
172
247
260
266
381
167
696
179
1348
1886
5538
458
143
383
132
179
204
173
253
225
247
134
131
265
181
143
168
173
347
163
228
153
214
204
257
2105
115
157
312
219
1979
717
177
179
224
276
240
160
138
151
132
154
133
155
213
374
208
141
507
265
1190
352
151
263
168
148
358
135
112
2193
310
210
270
351
177
314
155
550
154
142
184
505
716
536
401
236
1575
761
181
229
123
144
156
359
198
189
237
409
331
139
284
3970
719
423
354
141
293
128
151
131
149
215
561
241
352
289
287
203
244
188
156
216
295
209
274
148
161
207
161
160
191
176
255
308
320
276
226
168
141
112
209
345
242
285
333
182
253
472
729
121
180
353
291
347
236
207
476
209
2054
633
153
227
160
227
293
303
224
225
286
619
346
12128
234
2903
373
1017
444
187
174
141
5932
3781
734
146
171
179
123
4238
1112
1059
