159
209
264
300
186
726
289
288
575
170
154
411
258
369
164
369
809
454
377
157
214
145
127
132
330
200
1783
163
156
219
150
181
296
262
153
148
111
142
152
293
161
255
411
129
137
223
343
220
223
129
1898
3561
132
413
209
1280
152
229
152
159
337
163
206
244
189
336
1680
2210
161
248
209
1260
253
222
1733
1353
1846
581
557
769
185
189
864
135
171
181
282
128
312
188
155
166
900
257
175
534
534
673
683
146
188
137
977
235
2061
1141
317
333
112
124
99
214
128
160
147
213
193
233
206
196
118
1631
2580
175
1342
205
1470
1476
123
524
365
174
558
2650
168
464
204
771
226
276
206
177
2425
596
210
241
419
163
259
2872
1545
679
183
139
797
173
116
211
186
201
119
124
114
275
238
207
474
176
656
241
847
282
140
215
100
403
3959
252
343
244
201
190
7784
248
216
181
127
165
216
119
207
182
144
188
223
404
1595
230
6272
292
194
208
688
397
976
549
293
168
267
280
291
221
463
423
206
1490
165
1432
199
456
904
634
168
288
197
407
737
514
145
263
823
127
590
1152
165
162
189
185
153
252
318
144
436
189
367
200
539
165
196
162
147
145
2551
148
259
781
46790
6349
282
9645
1080
394
1433
157
