195
392
273
182
131
127
230
164
181
432
208
187
159
520
159
199
209
131
151
143
154
182
165
425
214
161
126
202
1308
630
119
212
262
155
177
135
138
159
2312
2656
6255
4576
1524
357
359
459
210
449
161
129
264
240
133
158
178
551
171
325
1005
147
226
180
480
218
138
228
311
225
385
118
162
130
169
190
208
124
136
157
131
214
201
221
400
455
170
297
184
146
126
158
617
1755
272
835
339
483
376
434
309
326
821
1647
1408
335
531
243
198
1735
175
162
1972
289
175
123
212
141
145
326
221
326
176
166
206
402
389
800
274
156
239
1587
649
162
464
1486
238
1036
1314
621
470
6001
171
2170
1144
124
467
696
397
111
363
119
231
108
201
911
717
973
1035
523
321
148
143
900
163
386
142
318
134
236
242
129
138
237
202
1043
197
173
160
159
407
216
191
506
926
187
163
155
164
210
214
169
735
610
338
678
2026
513
4319
3129
417
410
232
180
379
145
629
335
130
482
974
603
744
911
1094
136
139
380
325
180
158
341
203
177
90
204
334
198
176
311
203
371
207
447
644
306
878
239
1680
379
814
231
1035
223
2902
404
583
116
158
1753
4542
815
170
251
8791
113
374
296
928
