7768
1768
332
203
1537
2851
1653
551
606
235
1155
306
498
410
467
818
1239
1253
5844
159
204
153
142
171
164
164
183
197
185
157
130
224
153
1087
179
158
116
122
104
174
186
223
353
152
150
1766
151
413
144
297
1123
180
220
207
251
159
217
158
169
369
213
160
183
122
118
176
149
273
117
195
139
248
144
192
295
236
145
268
556
327
192
203
160
204
120
183
127
212
525
200
363
538
123
209
954
297
250
140
199
144
117
142
167
224
971
195
565
127
180
205
262
939
786
934
608
384
418
148
179
166
146
168
222
217
374
123
152
2185
35622
139
181
290
316
383
95
615
230
275
122
295
116
554
313
271
368
217
640
280
189
189
223
623
168
256
4586
504
1286
127
3722
255
439
1101
980
672
216
647
374
275
1412
1715
679
156
134
178
207
306
317
429
244
1636
277
305
335
1583
140
9096
163
985
201
302
3561
452
1468
205
199
199
137
218
553
133
193
189
208
122
257
575
383
198
149
159
191
294
192
294
368
552
1296
158
507
1826
843
994
1155
193
96
211
534
125
117
240
405
177
147
231
391
406
183
456
421
923
347
202
499
117
147
230
509
1428
146
143
193
213
954
149
243
836
266
1218
14367
6296
551
18809
892
329
132
110
