340
147
147
204
145
268
186
130
227
1837
183
155
154
141
2481
1156
925
192
6037
2315
315
566
273
162
154
154
305
124
492
144
123
245
169
246
340
188
140
184
229
166
123
178
133
128
438
233
569
177
153
167
184
152
137
159
167
140
196
196
187
190
216
151
180
159
209
778
1999
972
5507
211
174
181
5725
193
363
245
221
129
467
134
241
357
200
1197
861
1014
296
588
150
330
1630
182
211
442
181
166
161
456
104
176
161
181
140
154
272
159
234
166
253
188
2668
2730
1839
1121
122
158
712
1253
164
418
380
1577
1090
543
362
158
119
132
3955
136
574
215
212
232
154
125
338
1641
2966
340
1293
185
8991
1064
128
352
202
292
133
219
172
274
265
252
200
390
211
626
244
220
423
632
1728
246
174
143
158
230
206
201
220
109
1848
544
363
409
453
188
186
118
433
156
167
1309
162
172
971
446
230
304
157
290
227
239
149
347
170
237
189
379
3463
166
212
231
155
241
173
190
375
346
850
231
119
194
117
160
182
130
182
118
139
276
217
178
134
150
164
227
455
213
151
160
1189
180
334
267
166
281
203
189
316
542
730
870
476
259
119
146
162
134
124
135
326
141
119
211
167
196
131
166
171
140
252
298
167
232
147
196
160
199
439
147
1384
178
138
284
155
177
139
123
255
2446
943
2229
198
363
105
131
135
138
161
