126
323
169
236
120
95
201
141
108
138
115
254
115
142
137
112
121
166
171
115
100
401
256
220
227
120
125
193
161
104
152
200
218
274
148
272
237
227
182
133
153
7935
501
1145
330
843
433
185
129
133
141
159
228
281
157
209
167
156
134
200
125
216
275
213
304
184
258
288
226
164
145
183
152
153
201
212
300
156
242
177
183
259
283
177
162
173
162
160
125
166
243
2278
221
210
237
338
704
255
153
776
127
248
200
163
306
218
153
278
356
270
197
379
1943
251
486
2702
103
613
315
915
182
164
253
134
151
339
596
211
373
129
254
195
148
113
148
358
214
243
149
156
112
140
155
185
882
195
336
327
531
987
176
147
159
182
182
178
150
138
281
143
146
206
194
143
209
152
168
269
205
150
110
147
190
122
174
314
142
104
185
225
187
109
170
249
172
119
157
156
142
148
201
147
166
203
179
204
138
135
192
118
150
145
157
177
174
148
173
160
198
211
216
199
153
311
363
207
209
136
327
173
213
233
121
730
847
1208
514
311
400
152
157
235
245
397
262
111
499
181
160
169
187
135
155
117
199
255
160
146
161
169
133
146
141
184
289
208
167
178
146
187
795
5369
897
187
174
1760
208
164
126
246
163
