525
99
142
150
222
151
195
112
203
161
603
175
205
138
4096
354
6583
4925
2928
169
182
206
232
200
201
135
159
123
288
1538
1169
987
3873
176
497
223
428
226
130
156
149
243
197
188
204
159
225
946
202
226
186
260
264
130
185
125
200
222
223
302
146
227
146
162
192
259
556
1170
5016
1391
1535
150
1123
143
717
193
172
164
172
147
137
150
139
1206
161
1053
270
111
287
1512
136
559
1302
1358
1319
966
148
2457
110
916
111
114
444
222
147
498
1321
139
356
213
2388
318
1854
136
111
183
161
143
4301
239
201
151
228
172
178
173
177
128
158
148
174
154
122
171
142
200
145
4027
196
159
523
191
351
569
399
2539
161
149
299
306
163
1011
2828
183
411
226
142
231
498
623
259
181
170
111
423
151
148
189
217
138
147
133
116
148
743
154
127
181
764
305
236
165
243
1690
267
155
149
162
169
123
199
207
267
175
211
188
200
147
152
177
203
150
195
325
174
166
250
138
220
426
223
134
345
277
138
200
134
168
214
156
150
878
410
167
219
201
408
291
155
157
160
201
141
159
126
1458
186
166
168
238
173
226
202
279
656
878
284
230
309
363
201
235
176
287
1189
644
419
221
140
143
158
402
1968
259
895
121
572
430
920
320
196
274
216
212
282
179
185
184
167
265
382
234
260
208
29479
1188
2976
784
143
174
153
603
