1526
4697
176
231
404
199
271
218
150
314
111
261
138
170
224
923
12610
163
705
115
169
261
471
224
840
162
1818
119
1332
2627
188
169
415
1666
536
724
749
241
266
464
156
677
836
885
775
377
221
295
278
174
838
321
138
374
697
476
138
574
262
752
365
451
895
363
436
1170
279
220
701
154
92
160
122
406
321
163
144
161
251
123
129
185
525
709
486
200
172
175
325
319
154
119
612
150
2332
747
220
546
173
129
590
531
239
115
391
322
145
202
178
266
176
132
214
753
244
368
963
280
534
638
251
371
201
318
199
167
1247
1120
564
145
254
170
3591
158
270
2956
12282
734
1238
568
238
