2213
125
151
183
184
1152
122
145
140
458
1838
683
172
186
521
189
1370
129
3530
260
109
176
107
155
182
208
161
343
187
148
269
151
165
213
258
200
185
292
157
274
115
3803
1677
273
164
138
123
135
166
135
200
246
512
137
256
192
161
134
167
748
203
115
157
332
519
152
155
284
142
152
195
271
148
216
247
143
404
162
179
169
136
202
231
133
195
141
234
153
146
156
159
295
215
195
188
216
212
149
187
123
183
214
155
127
191
122
156
171
182
342
272
233
212
178
3639
970
1509
127
275
162
187
221
153
135
153
212
133
127
479
173
208
171
230
155
167
158
218
323
132
139
277
137
160
244
514
177
586
184
174
238
223
274
351
817
145
123
119
132
186
466
337
7556
149
210
144
193
389
205
457
201
132
132
220
194
684
130
182
306
202
214
171
143
135
212
138
211
268
249
1607
264
1504
147
143
475
644
176
150
132
136
143
409
126
253
284
224
188
309
2788
255
158
159
213
259
207
258
234
148
312
164
166
442
213
176
319
174
191
233
213
210
247
229
515
136
235
239
188
342
167
228
230
175
116
151
174
193
521
224
199
232
188
143
126
136
156
161
133
209
161
184
126
218
211
175
217
175
174
280
324
504
167
122
279
308
197
160
215
134
190
147
245
190
130
169
142
133
148
117
435
42110
4179
2441
9838
176
250
280
281
236
229
