146
579
239
3931
348
175
183
216
200
223
254
208
216
176
263
258
205
195
179
171
1304
318
205
187
225
171
183
222
190
819
280
237
450
630
164
289
219
206
267
169
194
208
207
308
168
228
200
1076
326
370
640
163
197
163
295
257
3487
284
287
278
416
193
154
240
199
227
221
210
222
189
191
198
224
279
3576
238
234
276
289
230
182
169
3529
334
210
165
236
579
174
152
221
227
226
210
222
220
322
284
186
245
202
238
345
154
156
215
172
483
324
242
294
292
1471
207
276
203
180
152
190
534
305
1375
187
341
163
204
1167
249
205
252
2791
169
3623
258
218
3337
215
228
173
201
311
234
211
200
252
161
221
238
631
219
318
152
951
3375
262
191
160
209
321
229
230
3634
268
378
197
210
173
223
177
196
254
156
497
191
338
282
360
206
169
868
207
237
195
239
280
157
206
4103
185
330
408
188
570
305
210
206
200
222
215
215
157
161
273
198
207
206
242
212
606
194
193
199
212
293
4345
235
411
229
231
212
197
169
211
259
236
210
309
172
215
265
227
267
3768
401
181
298
281
257
347
151
3768
192
223
194
220
234
280
256
167
230
196
271
926
215
219
199
196
233
1756
1077
214
203
179
213
217
220
975
299
231
202
365
185
705
218
2067
227
210
444
267
251
192
199
422
198
3679
214
241
225
251
262
215
326
236
228
167
1505
252
264
362
233
263
257
226
203
232
206
180
265
490
247
4972
266
459
240
185
191
210
161
211
4023
210
145
288
172
252
282
223
305
200
217
223
3833
647
218
198
200
190
235
437
192
222
866
350
222
196
276
199
185
173
233
169
214
246
191
331
196
285
207
211
194
183
187
166
2088
299
147
346
225
604
369
384
3588
561
985
307
492
606
683
492
241
960
488
163
225
296
426
548
172
1819
512
1283
241
3123
196
259
270
181
3243
220
269
450
340
244
193
259
188
241
260
1667
177
197
212
192
258
272
3009
173
244
390
274
341
146
173
446
394
297
2014
171
464
232
512
300
182
217
605
704
337
174
313
192
197
481
320
186
182
192
178
197
223
474
206
254
218
415
204
159
241
309
224
196
193
1163
244
198
198
310
229
318
390
204
166
296
163
222
366
205
3258
246
256
192
269
235
194
203
244
190
227
210
1270
256
217
173
182
244
3958
293
258
199
325
3939
201
184
155
1584
166
245
323
262
239
283
246
337
144
172
244
159
158
189
346
158
196
181
271
254
641
238
445
261
140
187
159
262
289
320
188
332
244
165
190
195
226
227
1054
218
164
298
252
214
179
221
3452
215
188
220
235
188
183
187
180
380
340
196
199
353
241
207
218
199
165
198
204
183
192
203
189
174
702
342
179
275
174
274
146
287
331
497
206
719
235
494
266
163
160
127
360
186
215
190
169
162
196
131
318
161
234
250
191
129
212
251
157
236
161
174
471
191
208
217
155
309
287
186
159
152
131
190
180
466
227
177
202
161
149
197
164
210
178
217
262
172
292
223
228
151
328
168
194
200
153
157
203
113
179
203
138
153
269
192
128
207
171
149
547
160
158
242
163
161
240
171
160
410
166
196
171
569
183
201
147
139
182
161
152
156
153
179
257
162
154
316
142
639
182
257
206
173
159
277
206
239
589
255
165
180
115
172
119
198
143
215
178
189
181
139
189
128
131
145
171
141
164
172
134
183
282
138
146
238
160
127
128
145
194
163
166
149
114
210
245
143
193
151
145
209
146
125
758
257
157
163
165
167
207
125
197
156
191
177
165
175
164
350
705
179
123
260
162
162
161
162
149
186
161
146
156
191
182
156
162
197
253
253
155
205
151
167
154
633
147
171
181
179
166
251
174
129
2494
178
327
151
147
172
157
164
208
186
138
144
232
158
161
196
502
132
215
174
174
186
169
163
159
169
249
223
182
139
220
217
1225
208
160
168
285
175
166
162
177
169
243
250
166
209
156
164
166
221
192
173
186
240
152
196
136
144
199
168
175
191
151
154
200
244
190
114
164
201
153
138
157
591
190
153
124
203
186
182
157
148
159
155
173
245
379
417
663
317
174
167
172
216
190
163
222
150
150
208
160
247
123
137
222
200
219
1281
176
220
222
199
218
349
170
127
263
157
168
168
139
235
178
194
176
163
207
144
156
154
137
164
145
175
163
175
136
167
394
182
257
178
189
152
226
169
176
175
168
190
2064
134
247
169
200
132
177
368
125
158
203
129
250
491
157
126
181
157
251
154
175
152
178
140
184
124
283
212
187
128
186
208
163
134
191
218
119
155
164
146
206
180
170
229
173
195
172
156
113
178
181
349
143
163
139
163
1498
193
122
161
205
127
233
169
163
184
169
169
153
187
125
156
227
236
202
153
156
166
157
125
305
211
163
1090
159
223
154
247
319
169
363
197
169
210
129
130
157
229
152
674
180
2145
158
164
167
175
162
128
132
125
209
184
188
261
129
144
209
150
175
165
185
241
150
133
182
122
132
209
228
190
716
137
189
133
152
164
205
161
124
156
656
118
173
239
170
148
135
154
211
204
196
276
155
211
153
147
194
199
912
280
248
181
126
121
194
184
167
121
188
164
154
140
162
170
416
271
156
153
156
133
167
3262
151
144
140
300
156
166
176
159
158
270
186
154
195
131
155
116
116
575
196
188
172
151
163
165
162
226
493
195
170
185
146
180
147
179
149
711
230
224
124
155
167
159
150
188
168
172
176
124
140
205
157
405
166
161
184
175
205
164
185
227
253
166
166
133
139
205
140
675
203
134
134
210
164
186
190
200
608
160
172
170
155
124
129
125
166
141
184
170
137
141
147
237
124
179
124
172
172
158
126
408
119
136
254
188
387
382
164
162
1428
165
203
179
213
220
196
175
134
243
144
171
171
190
299
183
142
163
249
184
161
161
200
1460
150
162
217
156
225
239
123
196
220
209
268
217
145
157
185
189
154
186
143
124
166
178
136
146
152
176
153
176
184
138
161
195
188
189
160
145
165
159
163
193
128
139
232
149
223
152
140
219
156
193
140
649
222
195
302
170
196
103
224
261
177
127
256
109
120
142
133
211
177
287
456
167
176
514
708
150
166
147
175
225
163
169
128
162
190
169
145
218
204
153
167
168
166
167
167
192
202
300
174
152
160
225
184
161
222
230
551
206
120
145
195
226
176
125
202
2732
131
143
146
263
186
165
225
175
152
133
161
178
178
219
182
140
174
140
250
169
168
170
292
168
184
213
141
139
126
193
165
419
171
186
203
136
204
141
179
208
248
197
208
160
185
387
227
125
273
160
139
200
159
191
208
167
196
168
217
162
263
2458
137
159
170
239
152
151
153
169
161
284
135
129
158
182
217
229
164
161
215
167
266
195
185
167
212
144
151
175
247
162
160
223
159
200
164
200
151
140
164
171
150
111
151
120
159
143
162
173
254
160
162
130
176
158
118
152
148
132
196
177
239
157
133
260
136
720
135
204
205
154
193
147
241
276
132
257
227
176
300
162
164
205
237
233
295
173
142
111
156
178
177
294
135
178
169
165
183
187
209
569
171
187
301
202
1460
215
384
199
158
303
170
214
214
199
214
240
248
348
256
160
183
217
129
115
223
157
213
192
193
156
136
199
262
145
353
777
313
202
203
185
241
369
104
240
438
576
165
133
178
198
379
189
178
176
242
171
147
232
127
223
162
261
253
343
150
121
316
176
192
308
181
115
201
143
146
157
189
175
276
149
148
192
1372
157
162
137
190
193
214
161
128
267
249
144
186
238
154
283
155
139
253
167
160
278
168
218
138
1218
168
169
279
184
171
174
172
219
2224
226
258
187
196
166
161
173
185
364
221
163
120
300
163
147
118
182
200
194
140
161
282
169
159
190
232
130
213
113
165
127
247
174
2305
169
160
153
177
187
189
127
154
155
154
201
149
161
186
154
297
192
166
156
188
182
169
159
167
128
149
227
163
166
222
167
110
124
153
187
125
151
150
116
168
179
178
161
160
234
308
167
1255
150
115
137
180
153
339
134
135
1697
208
161
192
159
152
157
1503
159
163
153
178
224
156
151
155
163
161
228
251
159
149
175
168
136
156
162
162
158
232
174
114
130
142
150
165
170
184
143
229
189
151
162
379
201
157
187
171
189
185
2734
151
150
153
155
132
413
180
259
140
120
158
204
190
195
232
175
140
175
153
209
172
214
165
174
209
259
1588
171
209
210
145
151
177
142
168
155
159
128
160
166
190
163
136
235
139
144
189
156
124
338
204
189
178
205
159
168
189
201
302
150
210
229
221
222
274
176
319
241
133
148
238
205
203
310
166
206
186
296
245
143
211
116
156
253
123
150
126
165
1001
179
1607
165
177
172
269
140
145
211
145
121
142
198
124
128
134
162
1935
130
126
150
291
170
256
527
119
447
278
214
282
263
190
142
294
186
177
190
228
156
178
252
164
263
235
162
220
181
180
259
166
131
328
148
181
248
201
155
393
155
155
157
195
128
284
143
1080
205
235
163
150
170
203
158
229
167
138
161
133
167
161
160
149
159
207
283
187
157
161
138
273
153
198
161
168
160
195
161
157
164
185
167
129
232
179
297
188
172
334
127
191
188
161
168
269
150
145
121
297
160
166
156
141
161
173
157
208
160
139
122
125
150
147
172
674
168
308
233
150
217
159
285
123
128
216
240
232
166
181
165
185
211
136
165
145
180
195
313
145
149
180
2750
220
170
126
204
106
218
216
150
867
157
163
153
204
159
142
167
223
140
176
146
131
118
161
143
183
194
155
171
179
241
167
168
167
152
189
208
162
192
167
190
166
162
147
121
250
209
160
133
151
150
112
168
207
175
164
151
162
239
462
169
139
192
153
167
167
171
181
166
196
181
276
161
206
146
176
142
226
172
132
169
162
193
184
169
196
179
226
163
174
180
155
164
156
168
192
193
179
975
222
224
291
168
197
164
167
139
293
185
160
160
160
193
191
119
180
167
132
156
157
169
157
168
221
148
196
161
181
215
181
169
371
230
169
162
211
125
133
167
142
2419
1486
165
1197
172
166
269
178
202
222
644
217
146
152
216
185
182
196
125
157
138
132
190
140
200
149
639
259
168
181
165
189
129
1383
1374
3800
378
166
218
173
184
153
188
154
185
154
209
152
660
172
189
165
167
184
194
141
138
160
287
234
154
179
185
238
1313
163
145
195
149
158
166
193
178
1466
169
164
151
122
165
162
175
240
1044
266
130
162
161
286
140
203
194
685
240
154
116
194
198
174
147
244
311
171
177
171
184
196
185
173
170
168
213
224
150
126
142
188
169
170
181
150
159
156
186
164
123
159
176
144
158
133
198
207
183
170
334
195
165
189
142
149
122
178
152
162
158
154
198
328
206
153
186
269
183
151
151
196
199
472
212
202
162
152
170
152
168
147
193
169
145
168
146
179
232
201
144
175
188
156
150
179
187
134
169
196
170
175
171
208
216
123
187
173
168
167
242
215
163
153
172
154
146
171
174
142
162
234
174
122
194
286
245
220
242
281
1120
176
159
165
207
331
156
186
185
1789
153
187
189
133
159
212
230
243
356
163
159
148
188
128
124
113
182
127
159
257
149
156
128
168
167
166
151
171
656
174
269
378
126
191
160
137
189
125
231
1043
238
129
169
157
160
161
156
166
174
164
176
180
168
199
134
199
217
304
172
167
201
166
237
215
122
269
133
146
176
166
176
175
152
174
193
146
862
190
142
142
160
177
169
139
240
200
146
128
138
136
147
188
174
230
156
164
218
182
186
139
173
162
194
150
145
177
160
178
180
223
744
249
164
194
231
164
213
649
290
276
190
247
410
125
245
209
183
510
319
240
185
153
213
253
215
269
135
129
258
151
179
153
193
157
147
147
217
299
152
575
255
118
172
157
145
120
199
188
236
256
136
153
320
119
177
539
142
207
198
214
220
202
303
193
144
620
161
158
228
190
219
130
191
348
116
176
220
205
263
292
129
179
315
209
180
348
250
178
309
240
192
311
205
272
171
132
232
178
161
160
135
563
125
152
222
179
192
183
193
284
412
208
282
248
170
324
381
462
292
190
235
212
297
194
211
282
247
141
175
216
136
168
174
687
136
373
181
209
275
220
126
239
578
159
218
160
162
166
160
240
161
329
230
301
211
230
278
226
141
170
184
177
349
252
262
656
350
181
162
310
175
179
274
164
185
369
160
130
263
206
193
1822
152
172
344
215
209
195
127
240
169
156
216
164
157
677
160
177
165
172
156
183
1757
161
167
141
228
408
122
160
120
650
137
120
164
159
234
178
194
154
172
239
207
133
159
226
149
263
189
201
195
148
135
172
168
166
2040
236
186
208
203
139
210
157
191
196
180
169
125
139
147
152
181
137
170
129
173
165
149
173
179
159
165
749
184
171
153
168
180
155
651
114
117
186
173
157
566
120
165
184
160
219
260
188
162
132
282
145
266
251
215
160
156
175
162
558
234
149
175
214
240
184
182
160
227
205
181
239
178
164
191
231
148
133
359
178
142
247
187
155
173
170
135
159
159
167
157
116
161
204
149
151
143
176
127
238
130
198
163
155
260
706
197
148
194
226
174
277
222
159
172
162
156
230
198
168
162
1183
166
124
222
171
153
121
178
238
215
178
216
167
240
118
157
164
150
191
241
133
203
149
125
124
164
215
156
223
175
840
173
176
155
147
168
169
113
159
760
175
362
288
221
353
146
712
188
244
190
164
252
183
195
208
147
164
302
392
160
334
381
322
217
253
152
124
239
206
353
178
339
122
257
455
214
236
302
344
212
255
163
280
252
131
374
264
188
873
155
129
208
186
225
225
159
169
144
153
175
184
190
196
185
207
233
224
157
229
114
170
139
211
165
186
188
238
280
163
152
177
159
181
149
232
177
176
178
162
232
184
385
160
159
144
171
207
189
237
222
248
191
137
131
143
117
183
158
210
175
203
154
120
188
158
144
146
247
248
160
166
1322
175
127
173
158
153
161
143
184
145
162
203
163
161
149
119
185
163
581
266
197
171
143
236
305
162
144
216
180
326
163
413
197
158
427
232
142
146
321
206
231
446
180
164
194
171
159
260
216
124
131
195
164
153
179
135
228
175
165
152
111
117
185
214
149
177
191
163
197
163
168
147
166
124
185
161
188
177
207
159
252
191
174
171
148
177
182
242
180
169
159
170
117
142
160
149
179
200
209
162
171
154
3355
1055
205
210
222
215
230
164
221
147
149
679
154
153
162
151
153
246
137
184
632
263
158
207
299
158
171
178
171
128
187
177
180
224
205
121
118
144
165
144
439
178
145
303
186
675
147
149
159
161
154
125
250
273
281
212
241
162
146
253
245
145
233
170
171
426
206
249
491
162
189
220
176
161
187
188
154
360
253
243
150
171
142
154
164
224
318
170
160
131
194
132
212
200
167
188
209
178
155
214
144
121
541
214
178
166
176
206
167
230
219
151
168
190
246
124
159
192
485
203
415
158
172
159
155
160
235
130
195
221
138
161
153
162
170
365
212
172
161
171
180
133
201
130
205
191
182
151
167
133
125
159
233
209
154
165
231
850
118
270
163
145
135
213
2347
192
162
178
173
162
239
138
165
146
147
155
158
743
134
165
158
168
200
225
176
197
196
162
276
168
165
151
179
183
117
180
134
243
140
124
175
162
531
192
197
163
194
165
123
173
143
211
240
168
146
213
232
150
689
166
144
124
461
230
169
196
223
213
196
223
136
152
153
155
195
288
164
165
229
414
153
207
262
225
206
180
116
184
165
172
1624
170
156
186
175
162
173
145
138
167
165
180
178
187
145
267
3315
276
1609
159
179
222
195
214
221
132
146
198
160
189
182
148
127
160
135
159
197
207
154
181
160
620
175
153
158
163
189
167
223
150
152
164
161
163
170
175
176
126
125
135
164
161
216
184
157
159
141
162
136
159
162
162
154
164
123
167
135
145
150
161
158
148
128
172
178
134
155
171
171
152
200
664
137
143
166
146
141
155
166
261
143
128
140
168
150
133
130
139
174
156
157
168
191
165
174
147
132
188
227
148
202
162
156
152
141
156
165
161
165
255
207
347
171
183
218
173
179
144
168
210
153
650
183
181
192
163
201
171
155
137
160
146
177
188
173
165
154
157
165
125
167
148
188
223
644
123
147
653
685
2453
621
312
167
173
163
471
128
227
125
164
175
166
192
159
133
160
159
177
164
147
168
1665
170
237
701
180
128
163
167
187
191
160
209
137
225
238
141
191
254
310
159
160
134
162
172
215
172
175
137
168
166
162
169
183
162
204
259
138
116
233
431
167
650
183
192
202
229
212
203
139
227
164
208
139
143
407
168
180
160
163
1394
128
147
197
122
149
179
216
151
167
123
201
169
244
202
157
134
163
176
187
213
126
220
194
158
784
220
158
178
300
135
160
183
180
542
212
186
195
126
147
143
768
205
157
199
288
179
167
149
179
2393
180
157
132
163
167
146
156
193
212
138
159
246
2718
171
145
177
172
951
167
247
158
126
171
180
170
168
198
128
169
201
155
182
180
176
152
3407
346
126
139
184
163
129
171
135
109
168
206
164
162
216
139
1562
163
135
128
863
160
126
148
205
314
168
163
153
192
124
166
154
181
192
155
166
161
175
144
182
644
172
131
156
225
133
217
216
164
111
243
139
298
215
186
182
130
179
153
129
269
125
159
507
140
127
348
178
164
163
176
131
360
175
175
228
166
356
163
161
214
161
175
225
134
164
1927
243
157
162
203
165
130
123
196
219
208
215
158
342
156
153
400
148
160
296
150
163
123
125
137
220
143
259
156
292
145
189
182
168
309
188
143
175
135
641
206
148
143
189
132
123
241
148
2267
186
198
219
134
234
213
184
195
144
155
174
153
149
191
170
652
190
160
131
171
183
157
167
160
181
153
161
157
153
156
174
618
173
190
153
124
210
163
129
134
662
161
167
176
129
144
164
181
165
121
158
162
181
134
141
190
199
192
165
164
176
278
164
217
152
155
154
170
140
117
164
246
196
154
307
180
181
165
210
206
169
205
136
572
214
154
157
150
169
161
173
191
264
191
157
156
140
193
281
142
187
245
169
169
332
1482
157
146
179
231
188
185
181
168
162
163
164
176
174
156
171
368
218
153
1709
163
177
216
270
151
219
171
201
197
131
167
180
195
156
196
258
166
181
173
164
162
164
166
133
217
142
163
245
190
161
169
161
164
212
170
185
194
187
162
173
250
166
181
138
190
167
389
170
158
378
126
138
159
331
192
157
108
184
1102
165
376
147
474
155
175
180
195
651
155
167
130
168
187
194
159
2231
126
131
181
172
139
127
186
3225
170
189
181
167
180
168
214
178
210
209
160
126
235
179
124
348
184
843
212
117
163
169
660
205
292
133
203
172
140
1584
187
267
157
170
180
191
217
170
183
225
728
197
180
143
772
205
1295
432
163
229
191
232
155
163
155
213
196
132
215
152
133
139
162
176
183
176
159
164
161
133
165
182
170
230
174
129
171
160
173
145
123
141
137
289
174
160
136
102
141
143
144
141
150
132
130
148
162
170
179
479
145
208
172
162
164
197
191
213
665
143
154
158
316
215
210
139
164
186
154
160
257
162
155
151
174
228
196
149
158
186
151
137
162
177
161
200
130
175
121
151
163
137
2280
167
200
163
165
220
203
153
235
144
150
284
133
167
178
198
151
154
231
728
155
162
172
205
178
138
159
130
198
124
133
177
133
145
163
165
169
172
162
150
258
189
492
315
124
195
211
197
197
117
278
193
170
296
129
144
191
156
530
149
184
161
167
151
161
132
172
163
175
170
134
161
150
229
128
156
183
168
147
186
186
188
152
131
729
171
172
133
224
151
169
167
121
211
266
166
173
138
205
185
161
197
201
125
125
244
161
168
3459
167
155
221
172
207
200
174
190
215
163
166
144
162
200
457
167
164
153
170
167
217
242
148
166
241
157
163
170
240
167
131
194
167
132
164
223
172
167
183
206
150
180
140
167
127
130
130
170
178
149
124
132
174
147
127
258
91
146
174
178
218
139
139
147
138
175
241
185
164
172
160
173
204
210
211
166
164
182
134
294
104
186
143
169
627
229
188
156
240
159
116
153
188
338
153
160
161
151
159
203
189
156
123
126
217
166
247
152
162
163
249
169
186
202
184
181
204
173
158
147
160
160
126
243
180
183
145
129
226
163
175
171
166
217
438
124
234
225
153
166
165
199
181
678
215
204
196
210
165
177
199
204
169
170
180
198
176
231
162
567
226
186
160
169
220
155
168
154
512
226
154
143
377
157
176
175
203
343
167
298
137
177
213
187
163
239
145
181
621
157
187
208
145
148
1284
259
241
172
164
171
141
157
288
173
206
244
196
180
158
162
181
157
222
214
127
185
208
206
260
145
141
154
1567
166
166
199
350
161
166
159
320
192
189
180
242
261
142
206
175
215
142
184
136
166
153
247
230
155
150
176
286
162
246
149
161
181
151
173
146
148
143
159
210
146
166
146
173
152
158
132
228
173
512
227
279
169
161
159
181
155
278
125
161
159
250
176
121
142
181
120
181
164
150
159
184
188
251
3262
216
137
142
177
154
164
178
148
160
211
176
150
250
240
153
152
129
155
155
186
172
150
171
141
172
195
139
151
394
1290
187
171
143
152
140
229
200
153
154
113
138
318
165
154
147
208
231
265
415
170
161
120
715
223
189
423
747
149
354
385
166
315
135
271
148
181
674
123
190
171
214
835
158
192
296
201
134
124
169
131
156
164
848
151
183
183
132
204
163
167
214
961
172
209
189
148
251
233
167
173
137
138
231
117
164
127
168
247
214
206
276
206
128
164
143
152
630
161
228
176
169
124
197
244
173
231
175
101
160
175
178
168
207
139
214
233
126
178
169
311
174
150
181
373
156
123
220
146
214
170
194
170
233
212
208
175
152
224
158
192
208
147
216
143
273
213
248
148
215
139
155
127
268
180
203
382
221
245
268
143
213
148
318
173
148
349
248
468
231
172
175
182
230
454
262
162
312
157
170
352
161
180
203
135
174
167
152
251
163
179
2370
349
165
160
111
148
317
206
195
159
181
154
141
159
115
148
183
182
196
183
400
229
168
373
175
185
177
277
231
168
150
186
248
450
234
159
173
226
182
204
231
192
249
250
169
158
264
431
173
151
177
140
164
281
204
164
231
178
174
344
191
370
403
234
381
262
1254
1455
216
131
140
402
175
173
189
173
114
175
163
125
139
158
222
205
444
137
211
396
169
255
170
148
160
172
146
132
159
166
162
202
153
167
158
173
175
198
196
149
149
353
208
146
199
173
209
118
172
226
172
180
129
151
126
187
145
173
183
163
203
155
154
201
154
155
154
156
197
116
138
146
193
201
140
281
134
137
344
199
143
119
192
116
229
206
198
223
170
351
157
215
150
163
214
201
176
239
125
231
169
192
144
169
131
216
160
132
122
171
167
159
189
171
171
165
168
217
181
186
153
637
268
196
205
144
177
482
212
147
177
159
143
370
269
129
132
847
368
155
195
156
177
246
153
173
226
165
122
200
155
283
200
162
214
144
147
192
212
192
166
126
515
191
235
143
126
323
174
162
114
133
168
182
669
141
210
199
169
203
214
181
143
223
184
215
198
166
177
148
209
223
161
147
205
157
946
206
235
192
156
151
167
173
402
170
160
148
138
169
171
137
180
223
693
140
183
178
148
187
200
187
141
136
219
163
189
204
168
194
430
164
168
208
152
222
237
169
165
183
152
147
231
187
152
163
313
174
756
268
147
168
155
152
152
243
154
149
211
158
215
169
146
178
504
195
114
158
329
209
107
209
153
526
240
207
150
179
193
297
225
164
157
281
184
282
188
317
220
217
156
169
181
209
163
263
473
130
162
133
170
191
200
736
323
149
143
237
136
164
159
183
174
329
225
114
168
170
180
177
153
136
231
174
152
145
157
139
482
188
205
186
183
289
194
174
166
674
218
196
179
130
198
120
138
395
243
254
195
174
122
752
142
179
214
159
170
184
160
145
176
160
153
218
164
238
227
185
197
248
165
193
279
189
2278
190
249
243
153
145
194
193
138
345
218
201
165
300
144
232
227
181
272
203
208
130
192
120
204
171
148
211
333
136
172
272
144
152
1736
222
1119
182
137
148
189
451
174
151
167
121
186
212
182
395
159
182
152
222
184
165
163
191
198
140
210
202
185
228
130
180
169
184
192
169
167
325
157
166
166
165
325
143
160
213
195
133
184
167
173
298
648
167
196
430
121
170
189
206
150
142
170
166
185
175
176
279
211
156
181
169
311
135
199
174
120
2625
197
166
191
389
137
286
192
163
186
232
154
243
157
349
128
151
148
145
160
151
348
306
151
421
171
209
149
379
151
233
204
2484
178
172
171
203
183
209
211
167
351
182
171
154
172
208
170
163
176
175
192
225
151
181
228
133
333
110
982
341
155
179
173
192
160
265
112
161
291
184
172
133
625
185
264
190
124
164
171
285
194
167
212
274
191
173
116
146
156
176
186
192
148
203
180
174
372
258
162
168
272
167
291
147
179
179
166
131
150
189
152
152
163
195
191
163
185
222
126
126
307
155
235
187
333
175
176
171
157
140
265
173
174
157
136
189
179
198
1939
139
159
172
153
189
229
174
207
916
153
160
396
187
163
235
143
165
238
136
156
199
164
260
154
420
161
212
189
157
171
181
203
146
435
236
188
153
336
158
227
609
188
270
216
171
162
212
173
177
178
187
193
200
197
171
146
257
177
165
216
195
134
328
152
176
2515
155
331
157
187
174
170
134
210
241
218
221
164
177
176
225
170
158
200
194
192
174
200
169
198
762
2529
227
185
147
319
208
173
129
656
143
161
187
154
160
238
184
132
170
138
166
202
201
165
187
164
142
304
177
243
162
183
250
182
181
166
161
245
282
130
184
352
165
150
154
185
170
170
154
195
161
168
203
147
154
226
170
169
284
187
175
190
357
387
151
191
159
153
279
174
152
169
124
299
141
187
196
250
127
180
3147
184
129
164
161
166
231
150
203
164
167
198
142
153
153
138
176
190
155
161
168
368
176
177
278
168
155
205
172
166
349
208
161
231
192
182
204
154
165
1002
268
314
191
219
148
165
179
325
154
162
158
170
129
233
154
653
297
168
126
174
160
170
168
203
171
155
189
220
177
137
144
219
277
2506
281
181
157
154
166
151
212
170
804
235
151
339
163
169
133
717
207
163
432
213
200
160
256
191
665
147
251
221
172
156
158
220
192
154
131
172
169
225
152
246
2375
132
171
145
157
224
157
179
258
210
154
163
126
170
150
171
680
236
186
192
289
132
186
172
173
154
167
260
140
135
124
184
208
308
165
164
248
123
462
147
186
163
126
131
220
196
153
166
381
227
175
283
192
167
183
1447
368
187
215
353
373
168
172
151
192
159
168
150
201
182
154
642
130
233
167
144
218
175
155
151
124
201
137
159
186
169
243
198
248
192
318
269
214
180
3374
161
192
198
153
160
146
152
178
128
131
157
154
153
147
127
156
230
175
326
233
150
216
200
228
159
481
149
150
179
160
179
155
232
1965
212
186
160
161
139
134
150
163
131
200
165
169
136
200
183
213
228
179
180
171
605
158
170
160
178
138
160
111
134
153
176
1603
249
140
157
196
162
195
151
150
649
116
153
187
118
131
162
162
163
163
189
165
147
176
113
174
639
118
172
147
160
154
190
141
156
172
177
111
141
172
145
173
652
174
175
158
156
150
130
178
166
183
136
156
201
168
166
204
705
173
171
186
175
166
182
160
139
334
159
273
222
185
168
171
185
166
168
125
245
220
125
137
172
631
151
128
146
159
173
167
163
181
185
143
164
155
166
160
156
139
163
125
175
182
143
185
121
160
164
160
149
112
146
204
192
142
171
146
157
153
149
103
133
163
442
177
176
185
197
194
138
129
141
136
136
159
142
128
157
164
182
144
162
175
160
162
156
161
148
642
133
147
231
291
147
333
168
182
201
174
268
151
222
123
118
165
158
164
148
162
143
235
151
146
162
151
152
165
158
130
162
181
127
220
172
111
625
169
139
176
185
169
137
186
429
128
156
151
216
643
138
204
149
158
150
165
200
190
188
168
143
160
176
167
127
168
140
193
234
219
164
161
149
125
179
124
158
192
182
156
150
171
131
144
146
248
180
128
200
154
150
180
168
145
174
180
225
154
170
160
193
155
174
140
131
147
154
153
136
252
183
123
182
139
629
168
647
465
192
144
166
143
170
207
244
191
124
175
183
137
180
143
172
211
165
128
190
161
170
162
155
185
849
186
150
155
152
166
150
143
185
2573
158
155
150
125
117
183
135
173
179
161
178
173
156
169
178
183
139
171
136
575
445
153
144
135
185
147
144
138
169
134
160
144
122
847
138
162
171
131
267
701
174
169
604
172
161
175
149
169
152
162
228
209
191
161
178
180
169
177
658
132
165
130
149
177
336
173
216
143
141
179
155
153
141
148
152
180
164
139
205
197
134
164
157
162
284
172
126
147
170
246
175
228
163
158
209
187
217
211
176
163
154
207
205
213
168
201
178
192
133
189
167
176
229
135
214
217
178
179
205
158
225
168
183
183
176
185
184
170
183
190
173
104
163
161
156
146
162
132
148
123
130
165
202
188
154
189
157
205
193
323
142
155
174
161
153
162
162
163
176
132
140
160
163
169
160
130
154
136
134
134
155
143
132
160
180
137
124
131
147
152
161
198
146
168
213
126
162
166
155
170
172
159
171
146
160
156
165
192
179
751
155
175
118
167
224
131
160
158
2658
150
228
233
175
178
183
177
172
156
126
159
165
164
164
162
163
176
157
181
181
169
165
177
191
102
164
184
150
155
161
159
159
253
158
182
135
149
154
164
212
2062
159
107
221
120
158
167
153
160
241
156
174
143
164
163
156
138
163
2270
129
132
166
110
133
136
143
168
184
155
143
140
183
166
361
180
127
126
133
159
146
173
155
164
156
167
156
269
167
159
151
573
164
171
157
145
166
167
197
157
483
186
149
179
171
136
173
150
162
820
181
169
183
201
177
166
133
161
1831
157
147
140
163
252
140
168
172
3271
780
185
194
161
187
169
142
177
1912
133
248
146
214
301
246
179
1722
1500
222
182
161
96
226
222
230
210
389
776
419
5578
1047
813
493
201
1016
245
3836
127
126
159
184
205
228
233
210
1233
902
241
238
2294
1772
206
232
375
491
174
161
143
230
186
220
159
204
144
133
139
140
158
121
157
164
358
233
167
98
362
178
149
325
191
230
223
8334
143
251
149
145
134
211
1046
257
442
217
258
190
132
255
212
243
123
118
218
601
184
11601
600
150
582
540
1484
461
145
338
322
4208
515
1592
144
218
211
138
189
353
522
337
759
588
151
1840
4587
254
871
144
355
116
146
805
198
200
182
242
279
425
148
159
541
229
200
202
398
332
1163
209
1072
1496
499
262
9779
718
2290
2248
408
110
133
468
3245
148
9869
1175
2247
229
764
222
943
515
2183
1549
535
1016
463
554
768
474
1889
252
320
213
557
511
774
502
1141
652
1301
700
358
223
493
1540
889
541
453
148
444
936
527
522
458
123
1250
1191
820
1965
1642
308
169
155
486
249
189
224
339
442
2438
328
140
746
234
1734
3183
113
573
537
163
1522
239
138
869
225
769
314
1098
162
176
300
225
980
170
477
2817
1261
1300
547
211
573
162
162
142
156
137
811
200
392
340
126
332
250
336
445
1561
426
8509
150
180
206
629
744
3592
168
377
715
663
168
261
161
5314
663
385
649
20854
6462
2774
7671
155
162
223
214
136
