266
203
145
227
127
273
1186
298
196
245
125
138
143
409
542
491
654
151
172
198
215
4873
10811
4102
1276
877
2225
1435
251
225
205
203
236
172
102
184
835
292
700
206
146
184
172
103
135
136
156
121
380
255
256
272
149
167
1177
460
154
133
308
108
146
654
116
196
165
184
109
140
368
121
266
1268
168
284
427
531
453
482
546
665
169
155
267
198
885
484
160
429
930
459
244
1007
1635
415
825
324
930
242
630
386
647
2866
165
193
153
148
339
192
1455
12934
159
239
895
133
1645
2066
265
224
325
712
319
1810
307
262
176
216
498
411
534
249
368
427
187
324
159
140
216
123
111
191
229
1791
604
6842
1103
2146
589
461
6950
173
119
162
200
132
306
196
4321
5339
375
1084
177
258
201
174
268
189
308
695
586
138
1032
109
178
135
208
298
426
152
373
541
751
286
388
189
1122
314
248
173
154
373
392
181
158
137
631
212
539
696
897
182
209
527
128
145
165
226
146
127
454
2246
1154
227
232
256
255
130
247
478
502
153
1651
233
1744
351
2214
225
4206
212
379
143
219
168
497
352
144
133
709
1052
346
1435
133
680
229
337
271
1058
211
185
259
151
212
896
571
664
247
566
166
137
271
1290
180
532
1378
508
1383
288
405
397
147
1433
242
192
228
126
1557
21434
5499
7266
20311
493
624
614
2672
