1594
1994
1544
1095
224
232
231
177
588
570
532
730
288
528
237
506
138
171
294
279
330
452
154
154
343
2196
470
13926
866
1624
4187
388
699
230
215
329
2633
1170
227
1376
4500
699
522
194
338
154
120
143
189
129
112
167
165
185
156
638
188
165
203
390
485
591
136
473
296
204
554
160
121
112
182
109
357
2841
3683
324
137
779
169
504
193
189
128
737
151
197
133
146
151
291
793
297
277
635
1362
149
284
127
975
132
164
180
490
761
585
155
127
1835
271
247
218
239
132
2741
372
2075
4977
1262
4044
108
266
298
194
1063
122
609
2916
530
147
302
140
197
194
393
377
179
154
175
206
209
118
238
230
147
222
286
130
127
242
183
330
172
226
136
165
145
153
177
149
184
130
142
141
166
381
255
183
138
196
181
230
168
123
200
381
234
206
225
344
175
215
110
182
165
162
491
144
146
270
187
275
156
154
172
138
161
152
188
184
143
173
169
113
179
243
148
150
186
379
159
177
123
254
209
238
165
193
141
148
406
290
158
201
201
117
218
230
139
420
184
197
562
175
149
198
138
169
168
462
220
177
333
285
119
244
263
255
196
516
214
1661
211
121
117
262
200
305
164
175
128
212
165
143
150
224
149
129
202
1199
200
346
164
132
211
171
167
243
172
235
168
196
137
113
99
166
173
261
202
144
162
387
666
3618
3263
17402
578
705
914
822
