1398
283
258
188
289
161
159
142
321
901
694
132
130
152
146
113
124
126
120
187
366
195
132
137
679
1176
2187
2422
183
142
164
254
383
903
130
165
368
162
573
646
168
260
3474
297
139
156
124
117
152
205
145
143
162
167
217
213
142
164
287
151
139
246
199
177
129
174
144
201
259
209
210
216
145
315
919
1754
6797
462
159
210
451
157
111
167
185
196
160
143
173
748
260
121
346
239
265
150
224
131
171
197
257
222
201
201
135
356
314
202
178
127
137
339
176
277
237
170
132
182
1856
190
669
167
125
811
1255
172
1384
1034
779
612
181
2335
491
495
1247
322
101
630
1104
348
327
208
134
183
155
133
904
980
605
1184
356
212
118
150
1058
740
2349
1026
3245
470
133
146
242
6569
134
583
1361
154
2311
278
465
233
268
4063
679
141
2786
106
222
176
195
177
879
863
202
1129
504
637
157
671
1130
896
1439
337
520
4083
151
240
856
141
532
152
448
3539
923
4937
367
726
194
1797
2923
843
531
120
267
229
198
317
215
397
213
2417
596
2652
852
182
1368
199
196
1555
166
243
741
176
259
294
197
207
378
178
240
164
359
630
774
522
378
475
501
120
456
119
718
131
831
474
1431
711
323
730
696
356
592
5820
142
165
247
446
421
2145
244
265
161
1994
1183
366
120
1108
180
199
1497
2080
4930
7700
9129
545
573
180
1211
175
