1368
1372
1406
271
145
367
184
176
219
643
2010
5911
146
200
469
142
306
196
255
166
438
157
131
135
166
193
1844
2769
923
288
717
264
355
390
549
473
1853
2214
171
630
133
147
367
361
224
136
184
205
119
183
1004
299
4850
168
94
308
168
516
430
173
172
161
138
187
180
231
203
181
234
595
115
189
411
348
119
375
127
115
134
174
156
265
220
181
431
327
164
170
758
118
429
205
218
245
187
141
173
136
572
189
132
214
183
187
165
150
175
288
149
237
154
170
201
221
291
135
155
194
137
114
344
994
1495
1176
8961
333
116
195
597
606
293
384
181
157
476
409
1463
236
213
142
180
176
339
177
166
209
191
3581
1300
6821
120
542
307
179
342
198
216
129
1592
530
1002
1419
331
169
341
270
147
204
122
753
634
268
511
129
154
156
259
172
130
237
150
276
558
167
988
472
647
143
156
169
189
367
344
327
292
435
147
137
142
137
190
193
197
170
235
215
135
123
177
307
215
160
384
217
186
348
177
155
172
232
147
138
168
294
171
248
255
192
136
173
319
254
150
166
205
131
312
174
127
198
141
147
159
165
143
237
213
184
185
186
341
188
195
1768
338
149
944
338
151
249
156
176
156
148
332
145
127
167
216
121
239
205
152
157
1298
113
235
947
635
222
242
148
135
97
126
195
286
217
277
143
225
136
202
23433
5530
5954
6242
160
137
287
320
589
