126
202
160
164
220
192
198
262
159
176
144
226
223
189
171
213
104
160
174
216
134
142
263
174
198
236
146
150
144
154
262
270
211
141
249
410
152
183
318
133
143
254
155
145
215
281
284
157
150
186
193
132
177
142
152
335
143
169
288
208
158
234
140
127
154
203
217
217
190
226
167
227
163
226
147
150
172
151
134
152
162
179
186
141
199
181
3606
134
800
132
2123
444
155
424
161
152
164
215
591
280
245
172
277
190
164
164
154
275
128
154
185
537
285
128
530
1189
9719
413
222
150
208
179
151
212
208
129
130
168
134
148
203
203
134
152
201
241
204
174
4302
155
132
127
161
128
169
222
188
215
171
148
132
109
172
113
184
162
184
128
192
163
295
130
173
146
232
178
252
336
205
223
143
255
159
157
173
223
193
200
216
166
566
127
104
180
438
163
423
204
1201
283
404
142
360
250
187
286
427
189
422
231
216
141
159
240
191
169
162
313
269
180
134
183
1284
456
140
140
202
206
194
180
203
252
126
168
142
252
149
139
280
157
233
142
580
424
420
243
285
170
141
219
110
140
1689
925
181
216
495
154
440
162
235
116
198
173
142
346
459
188
274
310
145
42167
3598
3781
35515
1057
547
1232
565
