2161
678
146
386
305
1444
354
118
163
1405
1586
545
381
138
185
131
161
209
116
156
231
860
424
366
219
360
153
1010
1470
2650
528
133
358
692
135
793
310
180
216
271
484
209
132
204
150
142
146
134
171
2007
342
183
137
179
158
140
167
136
153
201
160
132
174
149
233
142
184
274
197
129
197
142
136
302
150
419
189
197
483
119
133
593
999
1468
533
574
137
233
119
90
282
756
209
2628
614
757
570
166
987
3996
614
1941
977
1691
727
790
142
346
256
122
247
203
158
227
301
254
318
411
3262
330
230
1033
2064
603
147
403
133
221
150
177
966
152
202
182
142
171
286
261
250
194
150
238
187
321
132
177
682
1670
717
252
271
380
762
666
1401
509
174
847
202
209
221
224
148
483
280
325
584
134
269
173
254
163
154
219
178
277
164
139
242
165
109
123
296
155
144
158
312
339
342
4700
1439
257
407
1590
155
954
832
920
226
1111
375
161
210
181
186
1757
132
240
740
1503
142
155
158
149
176
209
211
792
168
202
111
296
418
2139
139
440
193
196
607
506
585
1057
195
229
283
554
197
197
120
372
253
248
168
407
710
270
364
842
223
147
174
334
208
372
291
235
260
926
120
124
802
229
215
1187
665
230
275
134
465
640
791
273
349
94
180
994
710
280
832
344
1468
920
1032
183
15532
6435
3668
13500
182
197
2899
829
389
