476
169
529
792
1189
1158
4357
167
256
216
145
2011
528
2251
292
141
553
237
550
170
175
140
147
152
128
160
216
140
111
172
150
144
323
168
195
143
149
194
245
190
110
268
153
139
128
173
159
190
199
168
265
150
191
152
145
1278
1632
141
224
194
3068
250
419
236
145
127
191
119
222
128
229
276
358
429
139
105
125
125
99
174
179
114
201
159
136
511
123
231
245
250
205
338
210
147
240
147
181
173
221
169
993
157
168
274
189
125
508
1022
2037
216
3978
134
209
548
233
1364
1062
1596
1209
171
164
221
150
6136
183
6153
142
160
143
185
176
2758
315
334
265
2207
264
153
311
148
125
743
1491
655
2349
706
948
637
287
532
348
1435
196
998
260
507
2660
491
600
939
278
126
121
153
1121
323
664
873
435
156
198
317
1122
2855
215
175
147
304
555
1452
692
887
632
256
130
1063
688
1134
211
1261
16112
1196
1061
697
580
1220
252
212
138
313
557
133
302
1512
880
132
1185
181
1390
760
738
182
217
201
801
161
483
192
1671
345
160
170
437
382
303
516
230
135
360
225
149
135
475
374
122
270
352
358
1455
638
446
128
610
479
279
142
325
390
238
508
155
445
279
379
212
123
195
192
244
2039
956
303
1637
16230
148
178
1233
2863
898
190
835
160
148
