663
220
133
226
169
151
153
178
153
220
166
136
171
284
178
212
95
154
175
189
126
234
115
159
269
136
120
303
141
156
294
211
385
219
197
339
142
177
183
1787
7319
142
128
1228
444
2065
671
629
227
379
289
811
204
304
105
450
568
1080
402
451
278
592
201
377
718
814
273
343
212
582
133
161
121
134
111
237
172
522
317
144
322
146
2950
190
2051
428
138
302
1170
2698
396
433
8804
169
133
160
132
342
643
450
404
154
487
171
625
411
423
466
1037
601
1933
352
177
776
1773
724
245
351
636
1535
1134
1625
215
913
898
219
134
293
378
144
140
352
472
778
823
401
868
2516
131
494
224
2287
147
199
711
995
1213
179
2174
205
178
202
593
664
590
416
603
530
1304
392
157
169
247
784
1944
858
659
1281
684
132
472
114
176
164
571
162
204
156
223
203
148
152
666
1352
272
125
127
142
126
141
128
172
169
208
183
174
120
149
193
177
186
261
186
197
606
168
471
174
204
178
166
274
259
163
787
219
215
279
909
175
1264
2021
260
191
111
126
213
196
207
120
243
681
147
186
593
221
846
155
224
290
325
185
495
194
346
130
657
203
5718
6469
3206
629
150
170
222
222
