141
427
209
117
127
174
1158
152
300
181
240
537
2959
547
149
191
202
235
146
183
530
240
226
144
171
980
168
137
113
94
111
93
138
190
186
235
138
183
157
660
468
186
497
452
177
150
166
159
318
2066
1832
266
162
430
162
210
178
1232
563
138
186
109
160
243
558
125
341
230
5183
375
1137
1374
429
183
1271
5124
6710
1056
1251
633
1012
240
423
172
157
167
373
132
119
236
186
333
139
1632
2200
1123
1648
1324
1265
254
456
1056
139
996
1475
912
760
665
395
151
119
151
136
379
132
219
296
181
173
267
334
143
998
367
364
143
210
251
749
200
464
187
159
134
108
105
124
124
184
202
485
147
194
167
203
328
105
178
165
170
185
225
118
778
181
148
212
200
117
172
443
134
170
169
139
179
179
150
186
208
398
136
131
133
159
142
174
186
182
168
207
192
211
180
131
148
174
189
165
244
207
142
228
328
183
193
557
182
115
235
333
246
208
236
172
215
165
135
149
197
145
165
139
160
239
217
350
226
599
495
209
292
228
182
145
149
557
949
711
653
121
148
146
140
111
162
168
226
300
578
168
135
286
208
131
209
166
167
133
367
355
293
220
140
169
142
200
185
238
167
218
203
108
260
238
159
243
381
45062
5977
5188
18897
1254
1032
781
394
