272
192
176
268
189
208
177
379
156
239
499
254
452
289
137
161
205
156
175
177
3927
145
446
145
243
263
183
165
224
817
396
437
885
261
465
191
168
127
179
128
188
1412
468
119
4754
514
176
138
133
151
2240
465
371
519
373
197
157
158
353
237
171
181
167
121
863
7303
7041
3655
1545
264
223
1713
236
596
202
237
398
330
177
179
199
742
727
3007
4395
714
1068
1423
186
654
510
948
285
200
104
160
214
182
164
194
450
109
394
522
184
257
182
295
160
922
288
113
223
781
484
637
1262
1767
668
1295
1255
577
274
255
278
6839
370
5921
130
132
222
254
131
206
1858
3512
1980
297
166
135
110
211
226
256
168
203
248
419
174
123
256
169
152
187
200
226
191
233
179
230
169
193
177
307
176
129
161
189
177
255
159
273
818
135
190
135
143
120
360
166
117
325
292
859
162
206
5126
157
152
167
176
206
1678
188
155
283
206
158
110
157
162
189
181
361
458
1340
140
96
135
126
535
161
123
131
142
151
192
262
152
345
214
159
532
551
163
196
193
156
171
204
211
189
233
214
195
166
217
382
340
284
171
134
1412
176
750
176
195
536
535
409
167
446
141
668
426
549
188
285
211
219
156
535
294
205
320
285
178
202
239
197
335
317
400
163
186
129
136
359
221
167
543
193
3426
6436
1323
414
445
179
161
131
319
130
