237
361
235
3471
216
175
178
223
3886
219
262
211
206
159
216
592
227
213
243
203
254
339
195
218
207
358
272
202
270
875
223
244
237
259
180
225
199
202
219
197
367
208
199
195
232
218
201
687
234
166
316
232
402
194
219
369
1155
272
242
189
235
625
166
339
196
233
143
931
213
244
208
220
2224
192
2096
240
960
184
209
251
199
209
3749
215
232
223
173
192
177
174
175
199
218
198
198
157
200
238
213
298
179
292
253
175
237
173
171
388
232
200
1596
317
170
325
187
213
160
190
336
307
395
1288
273
169
175
413
1216
360
189
325
2779
262
835
188
165
4042
226
185
181
177
179
200
189
164
152
211
190
245
321
291
347
182
1765
254
307
260
247
218
249
288
160
3667
215
201
334
274
229
484
170
208
260
250
2474
266
249
236
218
221
414
3557
212
222
179
1102
225
1324
197
1656
223
173
237
308
319
263
182
218
236
212
196
235
170
1974
227
200
222
384
226
224
194
196
296
177
187
378
3772
212
187
304
161
906
202
214
225
147
229
181
563
250
308
242
497
2524
495
318
162
182
249
213
145
191
2552
202
216
173
218
176
217
312
271
223
1098
224
216
222
236
875
178
186
3661
300
181
388
268
149
196
209
3378
228
197
194
636
211
177
476
250
197
185
199
280
197
200
191
281
189
3529
225
150
190
138
187
175
171
229
507
388
2041
196
198
707
161
380
220
197
204
673
294
196
277
236
188
255
3071
250
447
172
549
149
229
186
221
3993
178
198
250
256
193
204
201
221
219
237
241
156
232
273
217
250
2980
681
288
2413
393
203
192
234
151
252
259
213
193
1922
272
203
208
202
338
208
270
609
214
203
200
232
576
1846
256
238
321
636
703
327
455
3677
864
1096
308
371
643
725
577
585
1124
475
342
227
193
3285
1227
269
281
321
346
654
340
217
358
271
210
3240
153
273
305
194
199
216
197
335
327
204
774
284
231
311
237
183
397
2988
173
275
180
217
158
291
166
667
431
161
201
206
314
284
262
279
198
193
689
679
200
185
259
235
199
378
295
277
164
237
253
191
196
284
1433
233
196
224
264
417
363
186
203
164
227
148
1840
233
221
249
337
1142
325
264
289
197
405
210
223
202
415
232
236
198
169
407
153
230
184
218
220
259
247
349
296
205
209
204
3886
214
316
255
468
217
192
254
160
334
274
218
1548
190
273
174
292
289
223
207
205
172
195
212
384
191
214
219
177
456
4638
511
551
202
294
233
217
280
299
352
197
273
235
211
229
203
220
327
213
257
195
274
406
223
221
1874
3322
1928
213
175
223
199
228
230
163
4545
2102
907
157
213
211
164
192
190
172
383
198
170
213
203
242
208
573
2842
251
212
235
261
249
204
288
595
287
755
257
638
209
126
129
213
325
237
191
183
212
225
175
181
269
139
203
290
161
189
199
211
208
282
130
148
236
276
256
211
197
363
170
327
270
153
186
315
252
498
263
173
214
160
198
219
159
288
223
295
152
215
326
258
254
346
363
157
218
353
108
230
214
180
161
177
192
142
274
217
148
246
331
172
285
141
162
275
150
133
693
150
141
206
190
156
163
172
225
180
245
128
166
196
146
164
676
189
190
189
143
159
157
619
135
180
240
137
154
158
160
178
525
142
127
252
106
162
155
193
148
278
161
199
149
196
148
154
206
133
162
163
209
134
129
426
124
139
162
151
165
242
159
149
209
162
165
198
140
149
166
163
192
122
121
165
224
160
131
205
152
134
262
148
748
156
163
170
152
177
208
136
152
176
162
138
1927
117
130
216
181
229
160
185
140
147
230
155
175
191
157
206
167
169
144
126
123
164
152
176
166
167
195
178
133
126
154
148
160
143
167
150
145
186
253
152
165
1527
196
146
154
197
162
171
187
203
165
169
178
161
166
182
162
123
169
145
165
231
165
252
110
158
170
210
213
158
128
145
164
142
277
170
218
177
134
158
187
253
157
165
155
211
166
145
192
147
275
1177
124
153
148
147
217
176
163
170
160
186
190
175
196
190
124
124
177
209
118
150
168
126
123
169
272
219
553
626
626
683
128
140
247
119
161
229
180
149
199
139
133
303
138
163
190
128
178
207
510
192
174
169
231
171
116
323
155
183
132
142
202
182
165
185
168
185
147
637
144
161
187
194
179
257
140
151
202
124
236
157
149
148
168
169
154
238
203
158
136
163
190
166
190
123
158
128
145
208
136
168
219
154
169
166
203
167
137
190
1017
166
175
140
166
189
155
135
322
175
218
218
150
190
158
154
146
136
174
151
117
139
152
158
159
472
171
213
146
236
203
119
148
142
652
145
114
163
201
270
170
160
286
233
196
182
1022
165
190
168
145
147
190
200
152
169
149
172
223
211
167
184
151
161
277
198
535
211
232
157
162
195
116
283
167
185
181
153
162
209
151
192
158
115
206
184
125
129
133
152
168
161
204
147
176
183
2406
172
168
161
197
230
163
159
239
1105
160
146
161
174
133
194
166
162
126
161
176
169
150
156
155
141
155
223
167
173
143
140
165
162
192
158
170
178
164
185
204
289
387
197
212
172
167
120
175
141
1523
186
164
148
202
126
163
155
160
159
140
190
177
172
146
227
2579
219
226
159
112
176
146
224
240
134
151
507
226
191
144
244
158
166
170
155
149
131
190
253
177
184
227
200
137
265
137
162
137
144
123
169
172
129
136
192
163
293
137
162
141
146
157
257
249
116
1237
143
145
175
157
146
198
160
162
179
173
140
175
142
160
167
146
133
144
139
151
157
150
154
166
793
162
178
137
200
129
160
152
163
171
162
182
150
152
235
152
282
242
283
182
177
175
162
175
156
229
136
157
170
266
162
180
118
144
127
263
158
130
209
359
176
144
158
115
185
200
129
183
161
153
136
122
168
196
156
187
140
155
175
168
293
137
137
252
804
154
167
127
199
175
119
150
175
185
168
168
486
213
165
169
139
186
187
680
188
168
120
176
154
175
139
125
139
167
291
141
139
171
182
167
150
145
235
191
189
145
170
215
121
150
200
372
162
158
132
237
605
180
263
202
226
210
168
150
162
193
131
419
139
560
200
201
193
147
232
156
269
196
160
153
193
176
171
192
209
188
187
169
154
156
110
162
138
123
149
175
179
147
135
115
237
138
210
662
200
140
161
158
158
176
133
156
129
151
156
145
144
136
131
128
201
175
232
158
146
212
223
176
174
192
123
140
206
172
163
176
154
161
200
171
302
216
219
299
175
184
290
222
115
777
123
134
134
213
201
304
167
153
180
162
116
91
151
378
187
148
167
183
156
182
205
138
922
138
255
147
210
160
172
141
156
194
139
122
245
136
178
174
317
239
141
171
182
172
135
198
164
171
124
153
162
164
194
125
166
134
717
190
158
151
217
200
164
143
172
167
184
155
197
176
261
126
304
138
312
123
120
124
164
220
210
160
163
265
189
181
179
172
704
145
156
160
142
141
218
179
173
210
156
156
145
136
204
203
133
209
236
163
285
190
141
190
225
166
240
154
189
183
754
166
339
241
190
154
143
179
129
165
143
506
123
165
263
213
1403
652
142
189
137
314
157
188
316
126
525
167
204
329
320
127
154
227
132
210
144
151
181
682
187
235
155
160
227
157
319
284
154
174
283
167
225
330
160
244
312
699
145
149
242
123
452
183
166
137
205
189
438
145
146
185
144
93
203
303
129
309
254
167
153
391
135
139
170
152
176
226
189
265
251
136
162
179
1203
145
216
169
306
209
232
188
304
423
186
239
293
411
178
284
183
167
202
155
168
242
157
245
156
148
156
184
188
276
155
171
256
171
170
162
161
159
211
143
155
161
128
180
201
155
135
182
137
168
164
196
201
201
226
250
148
197
161
164
225
225
582
191
209
126
186
188
120
178
166
150
216
1855
162
143
199
196
205
261
143
164
1924
165
189
134
197
145
146
141
157
953
170
182
208
541
152
152
266
148
1848
177
179
153
141
159
148
121
183
148
160
114
160
135
168
187
208
159
353
157
1708
228
155
202
126
222
138
156
163
1632
206
156
143
187
150
168
297
166
168
155
136
205
245
166
186
170
177
137
152
168
216
147
158
136
3292
168
126
171
160
175
184
144
159
132
190
165
146
165
172
167
159
174
151
196
357
128
165
217
165
167
167
198
130
240
164
187
190
165
162
161
144
148
163
155
145
571
178
238
161
166
164
148
154
124
172
113
254
151
240
186
158
139
287
165
129
152
133
200
156
173
190
139
129
199
145
206
140
156
141
159
141
173
136
173
248
122
142
290
160
236
238
150
145
151
186
154
260
185
152
270
1608
207
136
164
137
93
181
157
183
188
159
178
217
125
213
135
1550
161
139
183
247
130
160
188
132
203
169
216
140
133
225
231
163
180
137
128
315
151
230
305
129
368
253
184
174
232
144
178
267
135
119
272
165
136
202
165
195
1228
186
150
228
181
165
204
160
155
275
123
157
195
171
214
178
165
128
185
182
188
153
150
168
162
178
155
523
200
155
350
147
258
185
233
193
2328
120
109
163
155
155
140
223
170
312
176
324
157
211
245
145
197
162
182
179
242
166
117
161
176
655
189
172
180
142
161
143
151
194
251
194
214
172
118
150
166
168
293
176
264
302
194
144
160
124
225
370
436
157
239
147
166
159
135
125
194
1228
178
210
246
220
229
140
162
167
237
134
165
159
237
127
185
214
169
169
183
237
148
169
183
150
196
174
274
172
165
239
141
213
160
683
148
142
124
235
173
165
174
154
2444
168
162
161
146
235
155
150
160
1797
155
155
340
181
177
143
150
167
165
170
134
211
238
151
200
180
138
184
196
149
166
149
152
202
150
286
119
167
205
164
178
293
167
202
172
174
264
153
170
139
179
208
127
141
125
161
181
515
166
169
279
179
211
217
134
94
129
309
177
276
130
168
125
214
245
211
179
180
139
166
163
150
165
177
187
128
129
195
179
157
178
210
166
161
132
159
154
170
157
157
125
142
231
205
175
166
191
150
238
183
190
115
282
252
145
214
195
191
192
169
128
1295
211
150
163
223
165
124
181
521
956
120
237
153
177
164
160
164
159
2067
182
140
169
169
162
183
324
241
2492
177
196
639
2330
3873
2395
145
117
184
234
199
216
178
213
159
253
153
165
236
237
167
136
274
229
163
198
158
213
134
166
135
164
253
160
175
144
119
200
146
192
353
147
179
171
175
171
159
140
207
156
187
163
205
140
161
125
237
157
174
133
149
128
136
146
143
190
172
182
173
289
119
199
194
247
161
379
184
172
159
166
150
132
172
137
180
198
172
547
121
146
152
132
150
172
230
182
164
232
243
167
161
222
155
154
184
159
181
235
323
175
136
153
207
163
141
144
132
137
160
160
217
1473
163
150
148
136
143
150
141
161
119
155
160
174
167
157
153
153
237
158
182
165
163
165
164
181
169
326
152
289
257
163
158
155
184
163
170
159
166
139
180
177
149
209
636
120
162
257
210
224
258
217
124
164
163
163
204
163
194
177
173
161
174
177
228
203
293
165
164
138
149
170
173
176
168
157
197
144
1518
151
149
394
155
148
234
148
134
3950
119
648
135
164
273
154
145
160
636
164
262
180
279
144
1078
169
480
171
203
199
168
180
179
270
154
136
161
159
273
203
172
165
168
153
244
187
207
216
124
170
187
129
193
170
185
165
160
148
175
182
151
157
180
163
145
146
127
118
144
140
160
164
185
184
126
162
120
144
149
236
120
129
1257
176
145
300
217
171
251
232
185
2875
163
165
183
125
239
163
206
160
797
153
172
185
262
196
256
165
150
235
231
266
136
246
188
191
203
201
128
150
147
202
214
221
124
146
226
216
143
146
125
146
258
179
151
179
839
214
121
137
167
137
190
157
131
130
167
160
161
205
172
158
177
223
199
142
338
157
232
467
181
189
165
115
147
101
301
183
157
246
144
153
215
166
207
160
108
238
179
164
192
151
296
258
167
116
191
150
145
304
204
184
171
135
240
261
187
205
1024
182
171
161
270
146
134
187
163
213
178
135
166
282
163
219
241
192
347
223
152
167
228
391
225
133
185
261
270
268
165
131
151
225
134
162
208
155
146
701
226
165
149
201
174
166
161
187
2147
164
151
183
252
153
250
162
175
289
211
199
214
191
157
197
121
129
124
126
324
177
212
689
184
220
162
228
176
149
176
142
135
340
130
168
303
143
140
1767
125
150
284
224
184
172
123
196
181
149
161
150
141
653
171
149
139
230
155
190
185
161
107
217
207
160
224
150
171
212
202
178
161
161
187
226
198
219
148
160
126
259
169
129
151
491
137
184
221
124
214
151
166
127
163
167
165
169
159
152
143
767
178
190
112
161
130
161
158
138
141
161
146
137
184
219
169
147
273
109
187
186
180
168
164
142
185
145
135
125
175
173
123
1000
129
160
163
126
185
161
171
180
213
134
160
171
162
201
172
199
312
545
222
260
122
154
169
171
175
186
190
205
199
159
154
222
141
431
331
122
164
301
133
215
178
164
276
164
188
193
165
297
123
1278
152
124
223
171
183
191
220
228
299
173
156
170
142
163
490
563
161
161
164
221
165
193
193
129
129
150
167
125
160
189
159
152
153
179
156
167
155
188
1013
149
182
282
144
188
165
139
119
196
232
124
139
169
130
146
1070
219
168
216
192
131
198
226
175
133
195
165
155
196
210
255
198
130
319
214
190
163
124
676
153
202
150
147
187
154
141
195
321
118
348
367
139
297
246
245
217
174
144
151
226
192
230
167
310
210
131
253
151
108
193
204
176
116
189
244
211
167
252
134
163
1090
173
125
168
178
822
246
171
135
206
211
232
169
3473
177
165
180
144
175
199
134
188
199
185
236
259
153
185
119
211
151
265
214
188
281
117
187
183
494
137
235
162
178
175
180
157
255
190
158
159
183
160
152
209
3794
166
416
160
142
158
196
179
221
516
153
165
155
168
163
124
682
184
172
125
150
180
166
170
160
166
158
142
142
176
154
225
148
171
1721
134
205
182
136
162
147
151
1793
174
186
178
305
180
388
148
153
405
137
194
143
270
214
232
305
134
123
164
182
203
288
222
187
164
154
209
158
153
157
194
501
167
148
138
150
155
190
234
620
196
171
173
172
198
178
257
686
162
281
258
184
170
200
165
159
177
167
230
186
172
168
208
166
228
138
163
303
165
183
153
156
116
231
193
147
147
165
163
156
200
176
189
135
228
160
147
219
131
146
194
277
123
145
175
185
173
226
122
200
189
190
138
156
138
143
145
121
159
177
154
199
288
164
176
167
119
289
134
180
135
144
153
159
222
179
170
316
103
125
205
248
159
206
130
135
191
206
125
213
141
139
292
184
228
223
162
137
190
159
140
354
167
134
370
183
143
168
169
151
229
563
161
126
213
172
130
164
162
138
214
180
232
196
144
131
186
160
118
144
189
169
178
170
175
181
152
168
686
166
173
200
117
126
182
924
207
290
133
123
274
161
127
177
131
145
187
179
165
214
167
148
193
125
218
220
231
144
1657
177
141
184
185
177
211
148
151
303
233
179
169
159
181
155
150
207
637
187
149
291
115
162
184
153
269
212
200
707
150
176
161
260
540
123
296
180
148
170
189
136
176
169
209
2098
162
166
225
237
247
197
531
161
205
162
163
129
148
195
150
176
200
164
183
242
155
157
200
189
174
227
156
164
138
148
137
155
190
178
182
158
1547
165
212
163
138
171
148
168
167
171
181
159
213
180
174
185
243
149
141
143
319
150
186
160
177
610
206
132
135
160
152
139
263
194
159
222
163
191
214
168
188
172
146
154
182
201
159
129
162
168
569
215
157
152
164
204
212
173
169
158
151
143
125
161
136
179
1247
170
524
146
154
173
213
157
167
177
129
140
164
199
233
176
235
138
139
164
156
144
154
1174
167
181
218
199
204
148
245
214
162
152
184
165
151
193
154
303
221
169
179
189
183
163
115
184
714
118
141
173
156
238
122
138
163
180
151
686
124
185
315
206
157
195
176
197
192
201
147
163
113
190
217
150
185
176
173
144
190
144
168
167
245
357
151
164
162
153
341
712
178
201
171
174
144
196
136
180
171
161
374
174
154
162
196
181
174
206
178
164
144
250
205
173
217
209
170
161
139
154
162
158
155
169
246
191
270
630
745
645
633
163
159
180
190
150
254
195
164
1949
176
260
169
142
196
217
137
196
139
176
142
123
190
143
233
1981
155
161
218
190
133
145
112
434
142
165
134
162
163
154
206
182
144
330
155
185
191
132
140
166
1776
171
148
175
200
188
248
150
184
631
164
129
170
200
255
279
145
246
137
136
169
120
152
124
207
243
167
160
235
228
378
160
160
158
126
286
578
228
293
140
3467
335
165
176
127
179
240
174
144
171
229
171
168
147
226
173
139
204
154
213
167
189
170
144
163
180
161
215
153
286
160
156
206
161
149
653
197
272
255
222
167
133
149
160
157
164
174
179
134
143
171
181
135
175
197
126
159
124
160
193
144
158
152
167
164
183
228
160
130
159
165
220
155
158
135
210
2093
433
150
176
124
146
163
374
156
153
183
142
205
125
151
177
188
225
189
191
135
132
170
146
166
130
151
175
203
271
196
132
175
219
202
187
173
156
156
3475
208
174
171
136
167
202
195
136
1171
183
218
325
243
234
137
324
257
190
201
172
184
189
204
185
226
237
149
366
195
178
344
193
156
232
130
145
157
160
168
170
681
160
151
175
153
159
272
290
175
169
165
154
117
147
167
233
242
259
226
131
237
133
185
437
157
169
332
220
189
234
149
172
240
139
287
135
278
267
123
150
185
131
193
231
187
241
491
502
219
157
243
281
280
285
159
2329
287
231
274
210
184
374
248
251
160
325
207
168
165
165
159
189
152
159
169
154
165
168
156
220
335
155
154
181
321
208
192
158
225
241
170
231
165
182
185
200
167
195
192
175
171
644
151
292
179
136
207
209
184
170
246
180
244
210
203
221
178
127
134
241
166
147
158
172
191
130
144
175
179
155
138
145
173
197
183
2114
117
184
176
169
147
169
206
234
3511
154
271
152
229
187
195
157
211
185
305
171
137
186
285
271
227
250
229
268
1409
200
190
136
183
205
181
161
143
257
215
155
225
211
185
175
747
118
178
164
174
192
159
143
242
182
193
182
169
160
190
161
216
175
180
169
151
290
212
218
161
134
181
173
176
162
185
171
187
155
163
172
207
145
221
489
242
220
216
211
147
172
160
153
206
179
130
146
195
167
227
345
135
807
184
144
134
309
163
210
190
124
633
139
158
171
167
171
166
190
180
192
140
171
237
255
141
153
154
177
162
194
142
167
167
162
151
262
180
151
149
212
208
188
156
167
152
131
819
158
243
167
178
168
273
164
227
205
173
119
1697
225
182
118
230
153
217
1529
167
170
187
206
148
367
201
182
208
521
144
267
141
196
217
172
162
168
187
141
163
189
239
186
179
237
164
153
163
138
171
190
206
161
177
143
161
289
153
271
242
155
631
148
166
171
136
167
155
134
123
111
150
171
212
155
159
177
172
180
167
209
173
149
162
146
183
189
175
159
151
131
143
129
664
153
183
204
216
175
189
133
191
226
162
198
154
158
172
163
168
171
218
146
297
211
210
128
137
140
158
322
126
186
133
160
152
178
163
173
1407
119
150
167
234
192
164
184
129
176
212
150
183
156
181
162
229
145
128
135
153
179
168
180
157
419
153
172
141
144
179
155
651
626
214
146
128
133
114
642
351
186
167
194
131
173
167
205
162
199
248
151
150
117
133
611
133
127
177
127
95
183
648
163
172
162
193
187
247
242
172
248
230
126
155
135
643
396
252
143
124
173
171
161
175
157
215
180
155
197
179
177
141
152
202
220
174
169
158
192
188
196
246
147
186
179
202
162
509
145
224
343
177
149
185
181
205
170
146
270
163
210
195
155
215
152
160
185
316
250
155
157
164
160
155
123
227
242
140
193
179
135
128
131
128
182
144
164
173
179
211
223
150
185
212
172
165
175
190
208
142
211
281
172
187
201
570
278
223
159
170
194
318
193
186
278
322
165
181
134
190
172
186
181
285
264
205
313
163
174
246
170
181
178
163
153
157
176
181
293
438
164
154
167
171
175
186
213
157
136
177
173
221
636
119
169
345
223
235
220
169
200
166
190
127
216
164
151
155
158
135
220
174
166
194
133
203
125
150
180
169
128
160
120
127
192
161
450
201
174
155
152
717
220
159
122
200
161
159
140
191
155
152
197
176
152
163
175
162
165
664
164
172
121
179
218
137
166
186
488
294
126
216
170
161
162
159
205
686
159
123
137
150
168
171
123
156
138
187
161
162
179
159
197
686
322
128
180
177
161
129
173
195
263
145
162
193
157
195
194
136
154
130
183
181
170
165
162
212
263
165
143
171
142
171
156
176
164
222
162
194
147
168
110
124
251
125
185
197
684
155
128
137
163
125
138
176
221
201
159
127
194
164
177
178
143
151
161
219
129
215
215
808
186
210
170
155
238
191
179
152
156
150
175
188
179
157
182
131
135
147
181
142
142
162
134
203
163
250
192
152
265
148
183
177
156
155
185
149
178
138
124
180
169
204
225
163
121
145
129
172
329
154
173
129
216
162
158
167
269
241
2076
188
127
169
199
199
160
195
146
661
146
123
163
175
159
196
158
152
222
176
118
372
261
161
182
143
114
126
204
738
218
313
346
235
250
140
148
220
116
673
195
164
185
136
265
129
125
219
316
290
193
156
177
171
156
147
169
683
193
197
138
241
198
166
152
199
1203
233
185
172
221
131
148
183
129
180
165
229
143
177
147
160
146
162
160
151
173
161
133
317
116
643
247
275
126
166
134
242
168
125
179
118
190
162
141
136
179
136
164
665
132
170
166
205
194
123
109
240
268
120
185
117
156
134
184
159
161
171
126
149
151
194
158
213
155
170
121
179
215
142
166
168
126
253
285
161
148
270
181
195
230
718
185
202
178
205
148
272
147
427
192
110
161
136
228
282
170
135
225
118
209
210
144
306
186
160
200
231
283
212
263
182
232
217
109
137
145
125
243
159
149
126
179
145
171
159
294
179
127
221
156
140
324
210
372
346
156
147
149
241
196
145
152
143
207
306
377
223
179
134
177
515
205
247
131
309
178
140
256
413
139
222
287
147
131
205
132
320
199
157
140
320
169
188
363
123
356
194
3355
1361
240
150
185
172
137
203
170
184
116
240
215
171
168
337
134
148
211
194
217
187
119
131
159
177
201
171
158
298
180
269
162
157
122
162
129
150
144
228
164
162
165
250
169
127
130
157
193
200
672
176
150
132
194
126
210
2313
144
145
160
225
192
167
167
169
2696
156
156
216
176
243
151
162
172
227
207
283
167
172
383
210
159
288
134
135
297
220
208
248
199
4595
156
192
174
144
191
178
172
181
218
151
180
134
153
196
139
184
189
318
202
138
148
182
173
208
148
160
261
180
166
195
231
265
237
144
158
185
151
135
376
176
174
263
139
136
251
168
213
131
170
181
245
165
162
193
173
137
129
185
133
134
176
163
171
254
167
146
203
348
175
140
190
220
178
272
380
180
314
209
160
3013
231
189
168
256
232
225
260
190
215
220
439
189
189
216
160
170
202
440
161
177
250
256
165
144
159
150
142
170
163
203
166
222
162
184
187
138
154
125
168
159
1994
210
207
192
213
143
164
218
187
170
197
200
151
108
345
155
111
335
137
160
187
164
176
197
138
315
334
132
169
196
139
148
124
184
189
202
172
245
194
243
222
291
155
103
146
148
114
272
152
168
192
155
119
204
183
159
171
3335
208
149
184
181
161
137
189
147
133
206
271
208
163
162
167
472
287
182
163
224
171
190
218
175
184
182
179
123
148
130
199
165
165
554
167
185
348
354
178
244
170
172
264
174
205
243
151
342
311
163
184
144
157
159
198
166
840
138
190
176
167
153
189
195
197
802
176
134
176
273
207
188
224
159
137
158
171
187
296
184
147
153
174
498
172
223
274
185
168
209
144
208
1098
146
235
149
146
317
134
220
284
146
152
126
197
150
380
190
161
154
142
145
164
159
165
419
152
154
134
177
172
228
176
287
3328
232
184
198
193
178
226
175
127
630
420
170
168
355
170
149
253
159
342
124
173
277
176
168
151
159
154
179
165
176
307
222
154
181
162
162
459
127
165
857
185
181
189
296
209
157
196
167
123
205
169
165
334
159
178
1557
253
154
186
176
163
167
206
154
148
156
213
415
193
334
182
173
270
166
164
180
392
138
183
205
145
174
214
188
209
310
131
174
195
167
185
306
156
185
162
148
1721
216
203
134
161
165
146
179
275
193
153
148
147
135
242
165
644
330
186
172
175
329
143
185
131
397
197
371
173
175
167
170
921
168
261
210
229
188
175
228
207
198
182
140
244
175
211
183
263
139
162
173
227
131
160
421
205
954
370
201
207
240
209
294
467
140
161
439
124
179
170
243
141
339
151
171
157
202
169
159
172
202
160
127
166
168
283
137
170
636
226
198
359
129
166
310
159
174
607
201
148
132
185
170
146
195
192
520
174
260
174
188
280
170
1875
118
591
210
125
244
343
134
125
212
285
220
172
195
168
168
158
157
151
193
276
175
151
274
206
188
170
270
387
149
167
155
148
181
287
178
181
138
157
158
199
139
194
196
177
126
182
171
133
308
2060
162
2886
138
231
133
171
180
160
177
141
207
169
228
210
171
256
269
211
158
137
157
226
162
175
511
150
1850
167
202
163
163
199
180
170
178
170
171
143
180
175
375
159
195
156
572
260
306
210
355
214
144
537
274
196
162
270
167
215
256
175
733
312
156
165
254
134
152
213
137
1161
210
169
180
192
176
192
403
204
179
179
217
114
218
234
165
191
191
154
179
251
222
270
267
189
299
202
189
140
280
218
238
362
153
149
151
155
190
186
178
174
168
169
147
143
185
156
152
190
199
156
188
225
173
166
244
187
231
254
157
192
326
203
179
189
157
188
182
207
211
133
159
193
167
160
197
213
132
164
190
222
125
134
138
169
156
211
210
298
199
145
169
291
207
202
350
166
159
496
131
151
414
208
173
213
127
179
181
167
273
298
620
179
301
169
152
199
156
174
266
139
169
180
245
182
213
748
132
158
134
128
170
174
335
173
163
200
262
151
188
189
202
139
194
173
271
211
206
216
973
214
149
168
148
173
176
148
243
669
124
270
337
123
165
219
127
131
627
302
193
126
144
175
151
544
132
131
175
178
170
124
141
188
160
160
213
190
155
193
113
215
208
168
193
187
124
160
124
156
737
195
183
156
160
148
162
224
148
149
161
152
155
169
129
253
174
137
171
153
280
155
181
162
161
2320
179
139
172
191
190
132
133
179
1285
209
470
205
152
132
168
190
118
236
193
221
184
206
226
159
185
168
159
185
181
163
211
179
182
227
117
127
178
123
119
173
143
172
156
181
317
118
136
243
145
191
209
136
126
716
150
134
152
132
195
130
124
164
646
193
139
176
180
177
127
131
131
702
187
184
172
212
239
246
155
141
154
204
198
225
176
132
158
144
162
212
210
143
152
256
537
157
143
158
196
169
189
123
162
142
159
1891
135
205
190
154
157
172
150
167
184
143
406
818
133
176
183
140
210
202
192
174
157
135
1822
175
156
206
139
161
156
151
207
161
204
178
157
125
139
168
149
120
143
148
159
148
131
148
138
159
134
265
180
159
159
136
635
130
167
143
148
171
161
185
141
130
166
154
170
157
194
142
190
178
177
163
130
136
200
638
148
151
145
165
166
179
294
183
200
152
168
162
161
175
173
179
198
125
165
160
150
124
135
159
168
163
168
166
181
159
196
152
129
460
176
125
162
162
167
178
179
164
644
183
160
130
124
164
124
160
169
120
157
162
149
144
157
148
162
126
187
163
166
123
129
186
156
161
131
138
162
151
156
111
150
134
804
147
151
138
157
135
136
447
169
163
172
137
178
173
185
162
166
143
126
133
177
174
162
193
177
165
191
172
268
160
168
168
146
155
148
145
135
169
131
185
182
157
180
152
114
254
252
181
177
202
171
188
147
152
197
693
132
129
148
159
162
180
171
230
218
139
123
136
167
157
161
2892
208
131
164
159
143
209
234
155
235
210
138
193
178
279
152
157
148
200
146
206
171
136
154
136
166
149
168
140
170
147
158
168
203
155
163
167
116
178
165
192
169
381
197
162
161
124
184
149
124
128
150
170
149
631
743
577
411
173
170
155
169
143
153
193
127
160
174
759
159
183
125
116
189
132
148
148
160
189
159
168
140
152
165
175
118
210
174
683
140
163
165
198
233
151
154
150
199
161
163
154
181
189
132
2046
178
135
118
195
134
509
808
315
679
144
145
154
167
170
206
346
171
158
174
152
160
144
169
142
155
167
147
172
137
147
143
170
152
144
152
218
181
189
1871
207
818
176
146
198
179
126
164
168
137
682
164
170
181
142
160
171
138
181
146
156
163
179
173
149
256
273
210
221
154
157
279
190
140
161
186
259
185
169
151
113
172
139
246
145
141
189
156
221
155
476
192
306
224
161
167
210
182
133
237
232
223
238
173
193
158
163
164
154
154
177
654
158
182
157
155
162
161
162
142
182
183
128
173
167
174
153
131
165
179
190
171
156
157
154
161
169
158
152
175
183
236
165
167
166
172
138
152
161
147
127
136
131
139
132
126
131
173
169
160
172
170
158
133
160
160
2712
154
154
140
161
149
155
129
160
206
152
202
169
168
200
169
174
164
851
193
164
163
181
135
162
189
129
168
301
149
142
156
185
199
160
135
156
199
184
152
166
190
148
169
167
144
202
165
200
181
202
191
167
142
167
169
176
155
152
124
146
137
121
190
164
190
174
156
163
173
185
124
163
170
172
131
154
1709
161
139
104
176
138
131
163
143
158
121
131
196
165
155
159
166
169
153
251
175
153
152
192
166
653
167
160
187
147
118
174
163
169
164
149
168
303
166
166
121
203
197
148
179
183
140
150
161
176
167
159
181
116
160
292
181
151
150
164
168
167
223
181
154
172
190
143
193
149
127
165
169
413
190
170
174
183
173
154
174
157
142
202
151
134
127
155
189
7784
352
229
163
2439
867
417
128
292
362
225
199
241
137
792
202
152
206
206
3446
152
339
240
182
142
109
113
264
566
357
238
124
255
214
175
146
171
116
197
173
300
221
217
179
149
262
220
292
190
155
305
552
1863
706
309
690
128
352
166
470
182
422
208
183
374
301
135
567
761
287
976
866
584
194
1237
145
360
148
376
444
166
285
848
4608
332
176
159
228
178
657
219
297
166
790
484
485
143
320
521
180
119
134
324
126
130
198
138
167
221
173
202
293
195
208
178
137
167
152
161
164
174
170
135
145
504
1099
3593
343
167
288
1656
1009
166
182
219
848
1073
1674
1441
369
115
145
763
1185
774
232
241
206
7970
550
133
455
765
432
1348
169
149
381
279
2330
266
154
188
445
425
546
170
1228
1472
421
1712
1506
1264
1132
205
189
902
149
574
225
151
126
1571
157
197
157
1432
170
124
209
156
199
282
189
222
1234
224
179
167
126
214
256
276
130
1398
180
135
106
124
126
111
242
307
358
174
152
227
123
206
229
242
208
167
617
491
247
452
166
353
976
165
123
338
211
279
215
493
142
360
617
180
240
883
279
167
199
154
205
124
222
344
935
118
562
292
482
192
544
326
658
181
165
371
300
765
2442
204
170
118
299
189
125
