261
201
136
395
125
170
682
166
462
179
165
184
170
152
152
182
124
478
214
540
238
160
132
150
127
116
124
155
209
159
298
165
308
210
116
186
220
131
583
227
1884
338
2097
275
239
146
254
244
263
204
241
218
117
256
688
184
346
668
1021
4257
193
780
324
1705
133
1018
648
5200
979
138
152
2328
243
211
180
189
168
182
197
207
276
203
187
138
439
122
279
791
578
132
398
203
7539
418
1274
158
109
119
113
205
185
160
165
146
190
225
138
169
201
182
237
391
246
376
11207
3123
339
551
6774
551
2506
310
749
135
137
175
158
177
306
127
148
131
807
7367
760
726
3388
431
141
236
656
3370
874
1755
151
119
365
344
203
770
267
222
380
208
121
1048
385
724
192
100
183
742
600
182
240
284
1930
230
208
370
272
493
1478
119
481
882
689
424
732
768
1538
857
144
529
211
2752
769
2586
130
1222
298
363
244
540
207
1284
559
177
159
7227
1352
427
353
1396
173
3155
188
538
1229
857
321
206
138
187
419
148
213
948
841
620
172
360
138
211
226
979
235
159
195
192
163
257
436
183
165
1321
346
192
141
320
560
739
131
172
764
6245
230
6238
11916
567
478
383
292
