172
407
187
320
150
168
150
165
103
216
441
1029
215
296
154
1165
697
1459
11700
1992
788
760
122
157
555
141
139
156
528
492
530
550
871
663
154
208
450
239
163
111
2763
519
549
126
195
228
545
134
358
242
229
141
148
202
127
271
174
139
313
266
134
475
165
111
747
1159
519
228
688
734
370
1043
1300
270
394
662
195
7321
5680
181
189
514
139
884
610
722
619
259
1464
1872
148
3007
1210
379
139
815
1196
636
122
103
477
134
240
140
157
143
1144
148
231
1186
2832
2628
765
221
183
214
313
773
552
190
2200
129
915
970
172
405
406
176
126
224
142
148
303
220
422
138
1589
198
8177
578
324
124
496
170
145
153
267
189
127
277
173
487
165
117
155
201
228
311
128
219
152
189
145
239
296
205
244
190
155
492
407
195
617
220
707
534
317
247
132
569
209
182
153
169
471
256
190
226
133
173
380
273
595
314
280
169
174
111
213
178
250
2143
277
289
321
707
171
129
180
169
161
356
195
488
135
104
1334
117
219
249
221
166
460
256
327
133
241
216
185
155
318
210
229
616
188
350
213
218
218
422
243
238
206
124
174
849
1871
533
147
180
493
733
211
245
202
179
453
153
129
226
167
175
135
180
222
231
233
204
176
223
172
248
110
199
217
223
201
341
259
144
164
119
8426
395
151
5284
20288
180
487
175
212
181
