237
200
194
269
156
168
141
202
253
240
132
141
195
161
154
1019
6215
2052
3977
1984
707
665
236
332
243
244
133
458
120
193
773
148
2229
1450
153
159
216
112
150
190
181
252
113
164
141
200
232
124
157
168
329
315
151
133
160
237
212
1933
277
125
184
107
105
457
205
504
1667
916
326
1236
1074
1575
634
661
159
475
934
422
259
194
186
1183
176
561
188
1100
172
569
297
379
288
506
150
173
134
186
217
174
157
443
431
321
154
183
412
193
179
200
197
175
5131
1201
241
419
382
136
253
174
154
121
375
180
300
225
167
239
375
516
312
592
161
159
372
395
203
327
195
161
251
281
134
508
1404
165
687
147
1011
236
284
146
183
262
163
145
680
516
133
211
380
299
457
158
309
177
174
140
165
201
257
167
376
169
692
545
3053
714
1127
354
114
724
2136
627
569
1504
128
423
184
196
230
621
415
469
444
158
186
148
346
181
138
2005
211
282
213
189
255
209
129
111
175
134
100
226
185
198
322
305
266
135
159
219
117
140
173
615
214
180
425
134
131
177
128
177
147
290
194
495
263
175
738
193
5765
195
210
578
157
225
333
118
582
237
191
179
2364
205
183
185
15314
145
206
159
191
2038
138
535
274
209
118
368
186
5720
1086
699
150
127
150
191
11827
8662
1496
13787
204
177
150
141
197
