431
163
550
255
235
1263
143
131
127
192
155
236
158
199
1645
771
874
245
284
417
1969
489
137
767
229
133
151
275
257
770
233
295
143
227
504
459
596
128
874
170
479
767
137
220
726
265
796
586
898
436
609
212
363
172
501
146
125
148
188
282
2645
123
110
293
153
204
199
284
184
1044
208
331
155
170
209
1035
6410
136
129
170
117
172
236
114
119
212
224
290
205
119
134
145
334
214
297
203
171
230
356
120
1978
213
138
473
122
513
186
115
366
222
216
177
274
1087
267
203
418
394
431
115
263
242
149
720
215
532
133
307
206
157
157
483
205
341
190
147
147
2825
39258
2865
1889
4589
201
221
2958
330
142
