275
216
330
220
195
226
223
258
225
139
148
126
148
94
107
187
121
164
174
171
154
138
167
181
147
86
4586
178
177
188
136
137
220
220
152
214
135
189
447
143
161
168
202
161
591
199
554
395
195
132
162
136
1779
523
218
244
192
944
1257
296
213
411
1110
441
349
444
1078
328
454
155
130
3604
154
411
131
141
197
337
211
517
207
995
113
175
748
326
209
291
178
198
212
162
328
840
612
1065
155
163
177
388
1768
303
1084
154
179
8481
153
258
177
1401
226
11862
3276
177
575
134
122
202
143
162
621
2689
147
743
1706
203
194
3102
587
8177
1516
286
838
6202
489
1059
423
450
193
133
92
3936
155
1216
1561
1025
253
180
715
550
398
888
226
408
866
325
369
145
794
263
149
329
184
7412
124
120
309
135
171
2095
302
197
179
154
403
312
262
156
1233
191
281
145
207
116
217
170
306
219
118
234
198
179
175
162
127
439
183
158
139
299
229
176
803
187
403
428
327
227
158
497
156
163
360
175
180
219
402
201
211
156
284
254
154
138
2211
121
471
198
171
561
163
248
145
143
478
465
180
315
1628
264
324
220
177
189
127
963
146
2005
6182
4356
40334
1985
199
337
140
