179
408
183
240
134
170
205
167
270
251
171
574
590
179
239
316
526
265
597
636
3998
278
189
149
167
518
119
145
204
127
358
141
310
838
284
120
209
138
159
137
163
219
216
220
112
147
157
335
174
439
173
289
182
220
150
123
109
198
207
209
438
138
483
124
178
169
132
856
6495
4117
1236
723
190
363
277
211
167
202
174
231
262
198
137
97
206
282
326
213
334
128
132
144
283
368
225
142
187
468
174
288
128
186
181
269
291
174
172
185
195
99
333
487
820
251
198
1725
1167
1448
3428
1430
2488
1485
209
272
323
755
295
676
159
1291
293
5795
179
136
144
424
171
305
236
183
114
148
222
261
151
167
202
145
130
131
215
181
220
162
242
115
219
128
260
133
228
185
128
280
282
607
170
252
142
207
171
569
166
156
123
176
166
151
233
156
2486
181
292
178
454
337
1971
217
176
231
201
187
245
213
290
135
149
570
136
140
143
240
661
505
484
315
3664
529
187
143
216
181
172
174
319
168
181
93
196
164
128
108
207
173
200
339
472
209
227
232
301
237
157
244
222
139
198
172
235
168
197
230
196
295
158
941
1400
1428
292
1320
156
642
728
145
281
178
388
160
445
125
133
196
545
122
183
207
136
306
162
162
174
176
151
160
150
156
149
139
191
159
128
180
253
142
144
158
561
13723
2044
9578
4459
147
515
494
326
158
