1145
317
217
118
203
147
113
158
258
119
209
197
174
173
171
148
182
174
1554
156
132
207
197
101
221
327
155
224
665
675
148
203
169
723
488
190
375
403
961
146
610
1889
917
220
227
241
129
405
1756
369
1536
215
177
164
296
186
138
216
190
285
1567
126
203
194
207
570
150
117
110
187
132
147
199
240
214
229
166
201
206
203
182
157
239
208
244
565
341
136
886
137
166
258
268
398
215
264
184
168
717
301
197
5679
116
178
504
278
170
167
187
261
148
561
245
776
208
300
210
164
437
169
182
111
167
158
143
233
176
185
327
104
181
177
238
182
306
211
700
182
1028
1226
1190
26927
2277
926
374
471
170
