160
233
256
157
197
374
954
256
303
212
129
1859
635
191
1266
1625
221
309
530
355
360
92
124
89
214
116
121
139
179
222
630
213
166
551
1058
141
133
325
212
138
132
212
295
121
312
103
118
92
955
3257
12693
1898
129
190
136
266
236
202
323
238
214
208
220
258
297
379
173
202
304
232
170
150
164
180
201
555
142
225
151
200
192
135
314
186
282
428
363
271
314
250
167
161
244
431
1174
933
4733
318
179
184
338
1097
609
250
231
230
222
232
152
432
169
130
118
161
146
133
921
220
106
126
247
1665
732
11216
787
219
1358
2657
1136
2840
179
656
729
1036
462
245
295
160
260
1088
192
1502
709
1186
1021
1443
238
125
438
4253
1200
982
341
399
1057
609
725
248
333
398
405
163
200
1735
129
174
140
168
620
178
1128
282
212
273
911
240
1780
866
341
1168
1393
410
806
541
1035
818
353
247
1313
1326
489
132
981
173
190
558
264
151
268
846
1888
267
171
1875
626
472
167
175
588
1186
164
149
219
555
138
252
201
225
618
165
175
652
514
193
117
622
1775
816
414
1078
456
172
204
313
194
240
2072
570
534
452
837
3874
158
136
180
710
489
618
1109
841
399
247
1821
12186
791
7476
155
217
163
235
155
126
145
