209
154
182
191
331
142
122
554
174
313
112
107
111
406
260
481
1555
1449
331
289
234
462
164
659
769
544
173
1471
1354
273
666
730
1453
260
223
463
152
130
205
140
147
193
161
163
324
154
203
259
110
155
133
104
170
138
130
425
148
148
214
158
153
240
189
139
1385
1208
244
338
146
150
119
131
263
263
151
202
220
170
210
280
170
144
169
198
162
152
165
385
112
148
134
231
253
206
164
216
195
139
122
329
140
155
153
135
178
188
236
225
150
159
202
350
141
618
121
241
310
229
226
166
157
156
140
280
2366
205
213
875
143
572
346
144
182
91
140
169
175
134
181
277
509
1900
5082
168
116
122
164
236
147
250
156
299
160
140
187
130
351
419
219
152
544
155
343
539
340
1720
2983
311
134
237
330
314
194
253
145
137
937
1553
260
859
181
508
707
352
530
216
409
751
185
1498
160
2464
2002
595
414
356
285
4246
261
333
146
307
228
1202
150
330
210
155
253
598
422
171
206
241
180
131
138
169
594
164
135
235
160
128
248
182
464
156
165
174
252
153
203
348
251
126
175
858
266
174
209
497
130
174
541
454
994
195
364
158
186
136
190
131
767
326
89
134
120
244
349
186
168
125
274
256
201
355
192
276
269
540
198
224
299
253
235
220
221
148
165
185
293
23532
1848
7744
229
1877
797
127
277
115
150
