550
150
399
154
203
15973
272
283
252
146
181
138
118
249
227
146
482
144
1584
477
256
160
159
246
255
169
725
514
2523
132
286
759
647
1226
726
377
194
218
219
133
548
1378
440
132
177
425
818
174
132
136
133
129
146
176
150
190
135
284
172
130
204
477
689
200
424
379
160
179
324
161
133
138
247
167
122
250
332
175
337
190
487
541
226
181
175
166
133
190
250
215
302
287
196
634
124
165
212
223
150
228
183
166
162
267
226
236
170
274
220
189
1636
157
475
410
159
272
184
175
304
181
129
156
363
294
166
964
346
287
164
196
357
136
163
205
278
510
426
478
170
151
150
266
10424
224
145
4190
961
1000
565
812
4241
