1909
900
1031
1151
668
1467
481
128
984
317
161
107
139
167
176
86
183
364
300
118
191
162
176
186
808
2098
692
526
328
236
525
314
894
458
192
129
517
1016
526
91
226
178
250
143
246
216
277
201
126
177
163
140
164
182
214
171
140
250
110
254
303
99
143
283
275
235
175
851
198
125
176
183
143
241
182
270
434
271
214
1227
162
274
280
510
181
135
123
481
250
468
367
185
211
160
228
296
395
228
185
192
198
273
149
101
104
147
137
171
207
139
189
215
169
206
218
161
127
291
147
400
209
162
693
429
759
661
145
227
283
170
356
368
312
617
590
428
156
1313
240
201
676
146
5110
450
210
151
158
329
160
1400
212
2260
1440
1869
177
159
147
140
178
211
1167
175
992
151
661
268
214
534
171
8218
737
676
248
112
504
584
561
1382
127
97
1154
179
178
118
728
701
1091
374
220
1102
293
181
310
318
128
724
407
444
4091
138
609
146
152
465
361
729
430
2665
1331
249
227
490
1072
502
247
131
301
142
196
476
711
158
144
126
179
159
169
210
161
1180
1167
230
124
288
7323
111
94
234
131
307
237
1043
434
625
1026
1181
328
215
200
202
869
132
228
129
994
189
540
1104
259
171
1177
158
158
183
144
534
837
457
318
335
130
368
617
443
1202
1406
813
346
345
732
127
221
191
5695
4117
13003
88
173
184
253
150
