96
1296
103
126
1505
910
162
180
185
275
547
349
145
120
960
1137
426
277
337
446
134
187
211
574
347
118
495
144
240
152
164
542
276
145
117
165
118
229
295
113
136
157
201
175
173
328
185
295
173
251
190
161
123
2142
160
1117
162
229
1749
919
651
207
1247
193
254
542
288
177
425
485
211
1146
142
2496
251
292
314
432
2954
627
286
510
887
524
141
163
128
135
166
131
350
269
272
400
328
155
300
257
957
390
325
167
598
1376
1117
138
136
2442
672
1640
3839
128
331
147
496
172
308
196
121
165
160
502
609
841
2043
1390
198
192
194
192
135
119
109
130
172
144
122
120
265
195
199
238
165
158
265
164
232
513
229
246
162
299
202
257
223
182
198
219
129
145
454
131
157
147
160
182
374
208
257
263
717
1041
158
139
165
141
117
155
179
153
167
170
247
176
245
174
665
184
178
888
230
126
201
161
171
227
142
240
205
510
624
251
556
203
159
267
403
209
162
162
185
193
135
129
148
225
166
121
180
157
641
176
1191
253
152
491
1810
140
1103
262
2945
766
666
296
389
737
147
200
321
331
190
128
257
651
136
270
391
567
206
786
372
223
110
148
846
413
183
195
297
136
211
146
141
175
142
305
176
221
263
193
12294
8843
1059
8884
120
159
144
115
322
