297
176
219
173
161
241
315
940
189
130
190
211
294
172
155
297
240
167
165
165
126
120
212
250
278
147
148
181
234
208
153
284
169
107
181
332
203
376
187
219
167
161
339
196
171
190
164
177
205
192
138
163
283
156
124
191
139
132
175
128
220
141
314
124
137
188
357
167
1324
149
440
906
1734
1250
1243
790
312
329
122
331
562
179
124
380
524
264
1307
173
240
260
190
218
152
128
127
118
205
161
127
574
184
198
239
220
150
147
330
175
342
155
4791
376
157
166
208
147
1094
2203
552
209
176
790
434
392
216
196
206
445
246
202
164
174
171
600
214
136
134
238
241
357
1406
1134
264
8077
208
304
191
112
134
2068
1400
1483
563
1043
535
3507
290
227
640
1298
138
1172
1528
316
171
120
154
221
523
188
358
365
138
245
317
2024
166
567
1173
366
564
218
153
870
210
195
338
147
947
529
318
468
182
136
185
175
150
354
173
651
206
160
208
3309
231
190
198
196
196
162
1312
146
174
1432
357
527
261
248
259
115
143
201
159
729
242
892
284
246
157
168
152
842
169
133
201
1039
177
233
259
201
287
185
197
209
126
270
484
203
269
191
331
431
454
530
987
311
1895
244
1091
117
400
257
8971
416
405
220
1599
155
811
2512
529
139
273
388
560
3623
127
3298
11900
6294
8691
8430
1584
395
122
109
5221
