987
290
216
150
268
690
476
133
170
161
165
205
151
115
890
187
361
458
994
306
161
160
210
139
224
483
183
165
143
722
226
204
820
115
193
402
640
179
1238
316
993
144
111
218
873
323
422
192
1935
1571
818
349
153
371
446
1233
1833
139
330
5439
123
4778
1935
620
529
2160
932
223
953
163
580
201
207
2280
418
545
527
173
148
150
266
645
264
246
1095
408
209
279
241
756
152
141
114
167
258
1148
779
700
141
192
151
204
208
189
632
520
221
123
209
256
349
1341
231
1210
221
614
423
457
950
1158
618
506
610
484
161
1264
927
713
287
564
1507
19364
292
193
182
141
624
944
303
