8273
1949
1339
241
2850
4457
185
226
190
129
424
141
216
3301
161
150
190
137
151
218
218
152
249
204
140
135
130
132
137
183
144
205
148
158
156
146
201
158
144
179
126
142
180
161
164
338
151
161
106
121
190
279
12561
1675
4031
127
396
122
231
202
1155
148
238
190
127
255
211
185
209
438
2818
809
235
786
1167
882
150
709
839
739
1289
1318
427
2897
148
668
157
181
153
165
334
402
137
205
309
137
197
219
4407
894
1863
117
461
144
443
185
155
163
126
1465
1801
139
611
200
194
213
477
153
147
147
187
134
263
1806
1151
10243
1184
1819
202
694
131
150
296
128
267
1564
130
839
1639
1922
189
161
123
3280
963
220
557
529
173
309
189
168
201
484
221
245
293
381
491
181
901
278
845
91
1759
997
1369
156
1828
151
209
373
185
806
379
276
666
159
434
248
128
210
141
137
221
5125
128
557
270
196
448
276
148
172
129
261
154
172
230
174
181
138
142
299
334
361
211
108
229
157
189
290
326
302
153
261
223
172
171
239
783
173
162
637
243
177
477
190
230
186
130
238
932
177
513
420
166
130
270
1694
142
15954
126
139
124
323
1467
615
1362
586
178
176
274
312
146
2253
215
1824
119
151
2004
7680
438
554
286
12128
357
556
395
1349
174
