401
131
346
213
183
204
199
169
322
262
445
121
124
201
171
152
482
140
1158
192
173
182
260
166
459
132
282
852
223
131
618
244
1969
345
161
589
166
1236
483
158
144
1078
593
170
306
177
614
495
388
346
174
175
119
447
185
216
154
137
373
158
114
2499
268
372
415
302
187
167
253
130
243
300
131
197
140
203
297
248
243
208
196
262
255
198
151
240
154
234
224
200
202
225
175
132
186
178
138
180
184
236
715
621
257
183
159
137
161
172
149
205
280
185
167
137
165
243
136
191
159
149
514
147
772
654
430
342
244
363
221
209
242
214
176
1021
144
334
153
160
122
205
146
145
142
5229
3445
16687
125
137
277
149
107
