162
149
236
184
223
272
226
120
241
171
142
134
320
165
709
511
170
661
793
3213
1827
313
155
977
149
193
174
203
262
228
146
102
117
605
572
130
3298
180
388
158
188
671
1503
705
365
166
165
5249
793
144
164
161
171
98
140
191
157
206
224
171
186
4329
4308
154
942
287
212
478
129
206
134
239
146
1182
293
231
205
136
158
139
164
214
155
284
235
210
179
155
187
643
145
296
153
768
315
385
1033
863
292
212
382
152
139
192
158
1048
258
188
353
324
284
231
255
447
534
119
195
1791
274
159
218
222
207
195
226
136
232
175
194
136
225
1197
176
1509
272
185
145
219
5915
230
518
2926
3661
5615
5213
136
132
316
251
3093
