1435
883
463
161
472
1109
345
119
129
1203
1526
1149
234
144
164
162
241
184
240
151
439
1817
1814
528
448
200
5237
1715
481
2844
170
1399
259
141
241
524
1156
703
386
340
743
248
472
1672
302
726
252
117
112
400
131
241
123
543
242
639
172
130
227
199
358
248
509
160
176
199
256
194
137
113
148
182
440
149
393
259
1717
179
643
708
2433
204
1816
768
987
527
342
348
158
379
438
620
363
128
204
517
337
265
184
530
762
621
304
314
2496
268
126
108
124
443
177
127
153
244
261
287
182
349
209
1299
1961
720
227
1677
137
274
219
950
148
198
124
135
370
246
218
153
214
442
120
154
171
159
312
149
122
2127
656
3901
407
339
236
343
139
144
406
162
220
200
149
189
181
189
128
181
155
141
328
174
113
435
156
158
172
191
127
158
201
212
178
151
193
262
622
196
158
155
223
136
134
179
318
242
1798
141
161
157
147
189
190
347
182
185
190
155
155
147
181
144
355
213
279
1545
160
173
257
311
240
168
175
145
182
262
227
141
147
136
145
234
153
179
221
233
4979
333
267
326
256
226
145
179
152
179
203
190
204
209
172
179
144
173
260
400
283
238
131
839
188
743
297
462
498
330
327
206
173
413
154
267
301
650
500
229
193
594
398
1247
343
360
186
158
185
348
264
306
265
166
1392
149
184
1630
1615
647
6756
3674
17922
814
142
1257
1912
