154
148
150
131
967
796
228
176
1304
2123
1121
6014
207
292
643
164
190
142
190
311
205
187
2610
322
2809
9609
3409
2924
181
217
131
128
474
214
190
411
193
136
171
116
113
305
175
147
181
148
171
203
214
183
129
150
162
191
275
150
243
132
162
271
163
156
225
117
199
276
122
400
218
154
217
263
241
2469
413
2357
2904
606
1151
154
761
237
197
348
201
186
230
184
220
504
231
1119
848
1906
1009
302
105
95
151
95
158
154
145
193
327
185
302
180
119
131
213
125
204
189
192
307
171
1050
197
154
158
304
682
893
204
850
1429
182
569
379
1216
4969
469
165
439
150
209
297
1951
485
185
177
208
184
205
2964
3493
1274
3832
266
199
143
276
129
187
183
132
208
284
254
278
202
276
195
247
122
333
217
197
1619
470
1057
620
452
592
241
280
216
125
150
240
129
170
2138
177
459
1118
447
346
178
134
173
483
163
616
166
635
189
525
132
197
235
181
402
142
119
108
153
551
179
152
3732
119
327
498
188
160
166
193
251
144
257
190
147
183
308
129
166
144
248
121
171
181
251
328
281
138
242
229
372
226
313
185
198
256
139
138
229
228
211
296
265
162
330
902
167
164
197
296
235
189
506
174
168
152
163
5552
329
194
184
313
157
236
167
148
148
206
171
149
184
198
293
512
704
460
1739
142
127
402
353
8593
4959
4431
6906
250
149
178
223
223
