695
618
391
775
602
289
205
131
519
553
1256
576
430
172
183
285
159
171
145
725
217
134
166
362
755
5162
11676
2344
3193
1576
2076
1411
2009
212
270
176
428
1399
617
198
130
590
445
259
161
204
284
189
166
289
176
229
174
157
240
184
231
219
151
305
222
129
627
143
173
134
243
313
143
187
196
135
600
143
410
3710
408
1093
2759
2875
380
349
209
164
169
104
224
308
297
142
131
279
154
152
271
140
160
132
139
156
146
783
179
164
158
207
239
152
152
181
124
200
341
249
172
174
145
1863
243
204
172
167
3042
3880
423
180
132
159
365
186
219
153
159
142
153
225
144
139
171
127
250
140
236
188
146
133
424
1216
139
408
668
182
205
251
829
859
191
344
297
118
876
121
312
1039
166
272
447
456
1241
136
145
2050
832
188
927
199
389
547
1021
124
371
1292
430
207
1477
690
840
909
194
138
251
1461
156
500
934
672
814
157
603
1376
622
200
155
261
126
225
154
193
139
159
247
4681
166
166
140
295
154
376
217
142
145
242
205
211
160
635
149
151
235
187
255
192
188
189
231
137
483
272
233
216
138
116
157
149
302
214
184
276
227
197
155
451
245
963
263
254
174
146
660
142
166
414
236
145
155
110
120
128
216
255
210
466
156
712
1156
569
265
183
384
242
166
244
138
121
147
180
325
172
150
167
341
8129
4835
2800
222
6354
389
214
1182
358
1531
