1887
929
257
173
446
209
150
199
150
163
304
182
199
132
120
141
204
144
698
2042
510
174
159
150
1676
5736
2902
3822
150
128
138
241
318
216
177
181
135
645
184
112
158
154
186
160
133
151
179
254
140
203
256
477
430
140
128
129
125
135
124
137
270
189
148
183
329
430
195
192
708
247
167
127
116
101
785
144
193
1171
14780
254
168
133
489
165
179
121
1689
455
151
226
1097
387
149
524
349
205
209
1984
146
218
618
2519
117
214
395
651
3806
181
385
134
129
148
198
191
214
128
174
214
194
190
712
1685
3350
156
412
322
257
707
1968
1103
641
363
247
451
188
402
378
214
186
215
262
161
243
113
268
141
573
366
124
2911
275
2089
176
2110
130
9476
944
464
330
159
205
2202
169
1070
689
2912
389
682
1623
8311
1867
877
529
136
207
228
120
128
114
137
337
122
676
1124
180
470
148
216
191
823
778
168
893
328
820
847
256
543
180
197
176
218
302
763
3482
134
171
1661
934
1387
2227
621
868
432
894
1825
145
916
127
182
180
2006
188
1888
267
329
2729
712
773
1119
405
315
1282
163
255
1482
465
340
519
304
144
405
326
1200
828
817
768
491
252
435
365
297
928
846
1042
180
2127
161
157
2237
284
430
162
227
122
158
171
425
1146
128
114
880
162
396
331
1261
209
559
116
747
33631
1059
1296
58584
1680
2252
1457
114
