1100
235
237
204
348
338
1558
1028
476
215
486
193
323
231
261
230
334
250
261
2282
1634
258
222
6023
271
359
244
204
1572
237
190
279
211
367
249
204
291
297
372
437
270
176
202
282
174
233
241
198
1524
156
181
249
173
225
212
191
260
296
242
220
210
207
221
281
172
280
213
391
529
554
158
175
218
9833
242
1399
161
278
264
336
507
3752
2791
327
865
334
274
218
405
248
447
263
354
202
527
219
213
324
311
325
244
199
199
364
325
676
1402
207
544
223
339
293
161
233
245
190
243
1478
489
547
401
226
168
180
523
319
181
217
333
184
361
702
250
225
297
164
208
174
187
218
280
285
183
374
175
136
199
359
280
164
280
3662
253
255
170
169
195
353
506
5647
878
1843
1436
948
737
1226
311
365
333
352
260
210
153
193
307
227
4510
256
289
272
275
207
212
188
174
405
3895
2154
436
388
225
268
301
412
226
316
309
207
670
294
340
346
244
244
371
302
668
220
174
183
266
200
1918
195
179
231
222
246
210
160
229
231
216
213
218
180
270
208
213
168
2095
214
250
163
196
213
235
230
182
1973
231
225
218
193
222
209
251
189
168
202
223
362
201
228
251
215
1928
193
219
191
248
249
194
167
241
3898
224
189
221
244
196
167
192
251
190
215
248
192
210
199
169
176
211
3821
158
167
213
179
272
201
226
1472
301
179
198
154
213
208
213
284
489
162
199
337
186
284
622
198
1156
2853
1676
366
175
207
191
182
181
1623
1597
198
144
123
1632
5869
112
226
174
180
195
237
175
190
354
185
149
1671
355
459
181
209
224
261
221
203
252
262
268
207
437
181
435
256
195
368
338
229
252
199
140
363
247
3506
248
152
220
150
588
330
243
10136
255
227
491
150
178
179
254
322
241
310
283
541
277
1478
400
457
440
558
164
184
175
218
353
321
298
193
3643
305
224
215
338
163
172
185
204
335
228
233
213
238
178
256
397
1002
1012
235
195
199
194
198
158
234
327
161
279
1079
212
196
286
244
260
193
189
178
191
244
265
208
223
189
847
204
169
521
314
420
214
201
252
340
176
353
641
252
270
309
299
238
266
219
304
260
203
339
237
293
486
196
231
266
1112
298
237
203
205
463
208
273
189
2130
329
163
282
365
183
270
412
288
359
542
344
315
300
1669
218
223
221
240
222
5016
196
262
3671
260
242
207
240
