1326
823
590
407
241
1812
481
162
640
145
604
2370
480
145
244
132
286
1676
210
211
156
237
1903
1132
5458
180
1398
169
186
244
216
316
547
196
140
292
209
155
349
176
156
163
295
186
222
348
139
159
152
135
161
177
198
139
210
190
201
181
215
110
189
150
124
137
210
193
215
209
186
197
165
127
206
428
178
2675
156
161
163
147
130
315
421
337
147
153
127
126
351
182
228
280
124
136
190
215
126
274
202
195
184
163
284
271
163
263
378
165
276
236
458
334
491
299
213
982
200
234
206
656
359
714
202
252
936
1548
1240
108
306
1224
298
434
394
4927
1417
197
919
1253
182
814
467
234
294
161
184
161
317
205
160
1220
1392
1607
352
373
3457
299
190
439
161
177
354
206
150
128
365
148
194
398
2616
148
207
200
1114
1064
405
215
171
284
202
186
201
161
151
254
228
328
486
561
333
697
173
350
752
289
154
2573
154
488
694
798
524
849
217
95
156
421
3115
148
3619
139
8208
153
169
1057
217
155
220
181
229
189
306
159
153
180
347
166
238
92
118
181
442
228
341
240
157
282
177
184
221
181
715
775
752
904
675
226
251
171
162
126
141
135
590
160
134
499
409
778
175
440
338
214
178
98
122
130
129
107
137
96
1201
292
223
243
188
154
727
1225
1269
557
666
411
536
20831
722
4164
6171
211
154
426
155
133
