229
362
165
168
251
230
239
292
424
148
375
134
163
126
162
148
174
371
306
128
185
200
143
224
726
660
2672
1344
1585
470
427
695
557
484
204
484
287
162
147
323
123
103
216
155
167
184
192
250
145
216
189
212
178
181
181
208
160
164
158
189
145
241
142
129
145
147
226
145
209
210
144
117
144
201
192
195
278
95
111
112
122
147
252
180
164
234
156
229
245
137
154
166
351
129
167
147
246
478
180
168
251
131
254
164
132
137
127
190
133
193
212
163
238
268
177
238
250
250
260
151
285
235
169
2084
185
2824
348
379
448
359
637
725
391
1765
125
164
6271
742
150
188
163
186
138
328
205
264
162
2097
525
954
2598
183
193
191
245
199
143
199
118
269
233
157
222
128
144
164
232
245
168
254
160
163
819
879
177
713
163
239
700
218
187
339
179
192
189
351
881
918
453
188
161
1316
950
292
114
269
156
581
881
229
1338
827
475
191
227
817
146
144
719
132
220
193
155
3727
112
211
1226
126
689
171
89
120
134
124
282
195
429
193
152
5408
1082
243
668
283
1340
1319
432
183
242
299
183
160
191
190
406
757
662
682
735
1560
248
148
145
816
313
340
133
154
1443
148
143
530
1381
333
187
153
190
176
138
150
258
561
245
245
1409
3017
392
864
226
112
313
217
287
358
292
230
241
41230
4111
544
4991
169
136
2190
319
