240
4426
383
363
868
15305
176
144
157
146
172
192
171
148
178
231
11111
1135
636
188
181
157
947
1038
286
146
172
419
498
233
202
351
130
149
139
288
410
1220
816
164
192
351
1235
622
345
249
209
183
180
144
135
173
189
147
182
132
174
181
180
421
193
180
416
193
192
188
158
203
159
273
243
180
217
164
178
149
122
173
247
117
166
139
124
139
205
184
163
151
130
173
227
132
175
337
289
205
872
218
502
456
251
226
242
161
209
205
260
1082
679
148
215
144
160
214
227
245
421
166
115
175
496
163
167
276
163
181
153
169
185
157
274
202
256
158
182
252
233
358
745
224
211
140
1543
889
2221
4915
4271
3838
1317
547
139
450
547
