256
172
335
151
212
278
164
125
181
177
157
153
123
138
185
172
1516
140
1039
183
399
146
505
142
268
193
218
130
3191
153
408
511
162
691
389
225
766
489
176
1539
125
604
4960
187
733
216
185
171
506
1916
2712
420
180
542
146
124
3639
104
125
11159
125
478
762
224
324
243
150
1097
222
246
186
287
238
435
132
157
7818
180
549
140
158
291
160
265
101
142
184
253
173
230
210
145
183
265
182
383
311
210
386
453
212
410
106
808
247
382
228
136
223
217
114
3074
339
134
383
195
316
240
395
15811
468
1721
247
411
232
490
163
506
194
134
151
129
696
2176
4849
11611
10623
161
1180
138
221
252
