275
155
185
151
223
317
174
131
210
154
199
350
121
306
348
1580
676
249
141
516
567
573
4818
150
292
573
188
133
292
234
242
197
199
143
151
137
136
175
112
162
166
192
187
241
279
204
159
248
183
162
202
175
241
384
177
523
181
237
219
2008
216
188
165
173
2710
344
364
185
176
245
123
255
186
178
222
189
526
217
410
555
213
114
190
165
494
180
1094
166
162
113
145
203
297
360
152
286
513
233
202
241
250
139
152
133
405
493
255
127
282
2681
195
430
239
176
293
136
139
173
126
269
348
135
214
218
184
161
156
837
352
344
189
184
238
338
245
202
318
177
331
139
120
258
190
163
200
1537
1808
4981
7400
124
149
330
165
