2724
205
402
291
2124
1084
1468
1991
282
887
1430
535
271
210
220
519
1127
500
170
279
369
128
204
176
630
478
245
176
322
325
214
111
117
145
140
130
209
351
128
122
196
223
134
157
184
211
235
303
138
145
136
204
306
270
118
148
283
2237
206
417
195
592
280
135
157
172
113
174
182
206
207
464
147
150
175
160
134
139
169
303
327
267
183
328
127
262
186
174
256
152
165
144
129
162
149
169
192
345
188
265
118
160
152
146
144
119
226
1366
138
317
1019
339
250
5827
460
523
2080
503
193
222
742
148
4713
319
132
524
112
163
203
158
205
290
208
183
279
406
226
574
280
179
1556
1050
1954
261
255
3365
707
989
524
152
631
843
1877
517
2480
164
796
1364
1703
1004
157
193
236
136
688
275
180
168
182
161
580
349
1170
132
3403
170
197
191
162
191
1013
183
1280
308
2179
1650
155
125
203
1983
400
1321
182
395
359
846
168
369
220
323
621
205
956
434
158
418
609
152
127
591
135
365
621
363
713
367
695
656
194
186
675
393
196
678
205
2143
161
425
361
310
149
118
162
130
1101
186
651
169
114
137
163
153
200
579
145
139
191
237
631
794
739
1765
216
248
686
1038
1042
463
610
4924
117
295
275
13565
124
100
3165
1274
429
205
192
142
263
504
