317
568
181
310
331
558
157
375
317
139
133
253
336
156
144
188
2495
132
1268
178
139
2378
213
154
159
164
596
121
327
293
229
213
174
417
115
201
252
462
239
170
202
369
140
173
113
194
231
150
126
132
196
406
216
266
257
130
140
139
170
675
167
632
365
166
192
351
269
200
130
145
195
177
170
236
215
213
196
259
136
143
182
212
170
209
169
240
163
172
337
210
226
187
266
171
697
193
168
186
163
195
167
1357
578
437
139
173
210
274
295
161
291
196
154
142
552
209
160
235
195
241
147
207
216
146
634
6996
217
138
128
121
125
380
299
145
218
215
111
186
222
147
140
577
1505
30894
5271
6469
7059
432
190
884
235
342
