214
132
5912
173
211
138
131
351
1809
199
195
205
135
160
138
466
1448
167
281
233
217
309
730
175
163
372
875
200
741
587
931
3942
187
434
133
118
223
225
175
275
178
258
3359
163
116
100
113
141
145
124
110
186
101
94
169
224
90
111
124
106
488
114
123
102
134
162
116
236
90
180
91
330
923
443
1517
150
1986
643
9896
2631
2406
2000
6263
225
1220
1952
2987
201
182
534
168
1289
236
902
567
223
152
277
540
139
208
140
124
165
140
138
204
402
544
328
750
149
2057
1465
253
1227
142
331
651
590
757
609
596
668
481
132
241
132
176
564
228
845
4680
169
175
451
185
206
174
156
149
157
159
226
310
299
149
158
94
137
124
141
216
245
100
185
166
131
156
204
185
216
318
151
199
254
193
185
182
288
220
124
192
203
951
181
334
539
260
476
310
353
261
246
202
123
140
193
166
213
174
218
162
299
276
139
184
286
685
744
159
266
176
392
166
153
152
174
230
139
133
121
404
861
5807
6433
7388
167
122
9479
690
11135
