421
168
167
991
1170
174
221
301
202
249
151
131
153
132
193
230
132
124
774
326
1046
882
432
199
358
820
153
151
300
436
123
430
146
129
114
184
298
199
176
194
131
134
134
130
133
182
152
196
195
140
454
184
202
185
134
189
1287
3681
3526
3236
1538
176
938
352
182
144
276
487
543
185
227
205
279
1088
164
294
175
536
117
128
689
4864
141
275
326
443
129
182
158
153
157
179
149
212
184
183
440
271
248
249
1136
372
935
614
145
609
235
138
148
158
164
191
570
264
185
367
138
122
166
112
664
376
313
159
338
311
239
227
323
204
2766
774
1813
153
198
131
179
565
222
234
115
176
243
164
150
185
498
174
236
326
189
469
188
196
358
231
410
179
246
206
118
259
151
239
203
507
189
892
372
227
138
457
254
573
143
132
152
514
267
117
206
170
176
161
184
99
147
231
472
269
217
119
5076
218
1228
1592
461
524
253
410
1267
204
296
370
139
624
232
574
4018
151
376
2267
209
705
344
285
290
4661
155
339
157
201
206
570
1204
120
1705
241
604
650
665
155
176
595
502
221
416
183
425
152
1118
647
523
470
758
755
186
189
232
626
1017
318
133
669
295
291
249
160
161
173
423
724
2240
617
747
2059
4805
208
337
2672
12069
1558
139
199
162
