1117
152
4020
732
251
275
635
340
226
221
180
267
422
172
180
225
220
487
425
2380
279
262
203
197
313
252
263
216
6372
193
523
235
187
168
200
331
302
278
199
471
192
344
359
254
290
275
346
322
495
193
318
359
203
174
188
334
337
219
300
194
276
262
215
173
200
283
138
268
361
196
163
274
255
9963
257
164
173
230
240
242
165
3974
336
439
360
242
272
316
215
218
318
216
171
227
215
1245
305
201
225
202
179
174
202
192
429
229
1087
349
293
247
181
197
204
271
333
1786
212
774
274
599
253
327
193
285
213
408
468
166
276
334
456
270
302
316
2993
308
186
259
304
531
245
425
179
260
271
196
431
219
339
393
282
202
576
241
207
234
225
270
391
1134
1807
1795
223
1192
1609
1249
314
220
346
296
1207
447
317
216
370
244
210
256
194
173
186
185
211
232
147
159
189
220
278
200
173
185
272
229
4904
205
4416
435
323
377
345
346
395
1728
4525
575
309
490
428
261
446
920
371
168
484
307
280
272
300
203
469
221
167
404
299
188
259
871
369
220
973
1038
1255
252
236
166
1915
179
812
917
325
170
147
1143
1084
322
234
175
222
161
253
203
298
346
256
237
3836
212
384
533
180
351
514
578
3906
326
962
1830
790
256
470
459
249
368
771
700
506
698
321
344
275
855
160
370
763
201
418
575
313
278
308
408
203
224
212
232
218
260
834
625
180
163
348
739
241
305
169
786
2745
1579
583
377
630
256
385
378
1588
458
615
354
377
226
474
931
212
279
360
555
358
218
500
412
292
1032
5144
222
195
189
206
182
232
163
211
4144
3257
329
166
529
201
257
199
217
267
213
216
284
225
152
286
223
3521
279
181
175
158
464
581
335
236
420
155
735
189
182
181
455
217
334
290
241
430
263
1374
198
312
233
686
201
172
203
196
374
240
225
7294
4411
156
156
183
199
163
208
188
207
227
195
174
214
187
296
280
165
959
332
218
192
171
189
186
207
227
2038
179
270
274
187
334
222
151
200
183
178
282
212
228
236
194
191
268
233
242
228
199
248
179
161
214
190
238
286
183
310
233
217
220
136
345
184
173
216
267
275
243
190
202
788
240
293
194
464
228
223
180
281
941
198
233
169
358
264
199
211
255
179
157
298
192
280
159
271
269
321
3942
192
236
176
208
192
252
187
222
3891
218
212
200
192
