185
508
5903
129
187
273
168
190
1782
210
150
157
1034
180
488
1138
95
163
162
220
125
150
176
339
113
424
3172
167
420
508
380
1693
140
299
124
205
189
161
378
299
235
390
986
309
2254
1606
1006
283
113
177
576
1236
294
139
4784
2141
908
591
2148
654
222
199
787
171
471
463
165
149
249
2217
3479
1466
2364
970
201
181
232
273
348
477
328
166
153
126
213
180
139
207
220
168
123
127
158
185
341
523
597
192
238
174
146
257
137
190
144
119
225
129
634
310
342
246
153
175
3511
4241
118
236
725
227
151
283
159
580
2248
148
216
127
7375
1825
203
673
137
196
5006
184
1450
241
281
186
904
2061
1829
599
423
1124
2444
185
206
703
2335
129
504
1302
476
234
1692
802
405
204
242
143
171
447
309
376
174
792
168
2075
351
515
114
312
156
124
518
550
212
269
849
197
144
1284
108
8947
554
359
620
622
399
920
239
1264
1590
209
183
547
318
229
194
448
358
996
156
527
790
8481
3518
203
791
1637
6908
153
147
452
