2337
169
141
199
194
446
134
1371
860
211
268
88
116
117
232
123
209
111
123
225
328
147
153
214
141
136
212
149
198
135
204
277
175
108
339
139
161
224
189
217
343
168
339
105
275
163
313
244
196
1072
189
1186
2995
340
1474
186
150
569
285
241
436
605
181
182
212
221
210
291
139
122
180
170
199
237
402
109
190
3850
537
2278
1488
2017
414
269
1166
2874
605
4031
770
575
281
1827
130
154
163
1483
192
176
1144
780
160
142
198
374
125
258
536
147
547
2430
480
403
122
149
450
1367
3629
230
472
126
1787
181
509
318
6039
1243
2641
281
277
609
286
457
160
900
553
1534
156
899
332
298
410
155
276
205
168
124
411
144
2810
354
207
112
659
248
208
186
139
129
157
96
125
821
1376
200
373
668
220
388
205
211
124
220
182
396
220
173
297
134
150
171
541
324
2353
699
250
233
265
2865
3587
1009
322
1347
634
496
122
484
480
248
229
305
539
231
229
826
228
1079
420
125
281
10584
4814
834
240
312
208
211
137
194
180
