358
238
179
214
231
362
1139
166
591
196
1193
138
307
132
163
357
269
257
218
189
306
137
160
239
259
173
365
279
543
236
255
188
161
206
212
189
230
212
164
378
347
453
535
193
260
158
2217
138
849
1293
815
527
133
277
7823
903
6247
3792
733
1135
468
242
634
345
165
157
133
153
122
272
148
304
182
407
755
8011
1243
1115
314
3084
461
214
387
679
2067
551
4241
715
296
216
202
276
207
202
2801
1613
1059
1345
1188
184
371
120
182
200
183
201
269
197
217
481
544
1577
182
316
146
125
1405
1621
159
1835
604
163
724
2081
288
730
494
206
411
1052
140
184
219
143
727
4581
197
229
224
237
1482
231
237
230
135
167
118
500
143
136
428
203
200
5854
2206
194
105
128
214
167
185
185
151
441
151
158
764
264
197
227
263
252
160
409
306
124
183
600
237
246
322
160
484
165
214
223
957
576
1865
512
225
277
147
335
190
173
117
409
1534
336
184
204
631
222
416
477
169
304
151
171
36662
3105
11965
1717
3128
235
421
244
