224
177
230
382
300
574
185
246
140
142
116
1092
150
161
153
269
1557
254
148
500
412
1369
862
502
199
2131
5774
141
1317
161
198
162
1816
303
394
216
363
161
269
161
257
291
1192
285
277
178
234
316
373
257
170
306
338
297
236
172
162
163
204
323
288
1960
252
131
520
245
216
173
239
138
286
275
116
134
141
145
125
152
137
230
437
171
172
164
199
271
350
237
176
255
298
145
929
884
164
209
353
204
147
185
215
226
159
209
216
2822
913
892
686
170
239
2414
185
181
134
156
151
211
182
197
177
384
255
278
595
190
232
181
198
259
121
421
160
225
225
675
160
156
219
219
277
1197
16002
135
154
5407
16549
936
189
211
470
2265
