3389
776
398
1592
1010
762
6080
2304
5567
1494
171
202
137
247
4675
144
186
122
159
143
150
108
255
521
679
303
135
142
117
127
176
126
142
219
131
111
161
242
357
314
224
123
162
171
322
531
246
335
220
207
106
121
100
149
142
993
307
502
138
121
233
127
164
424
251
162
147
160
216
189
170
113
142
177
427
182
127
453
282
274
219
202
172
197
257
120
143
178
217
225
616
268
263
211
272
196
305
150
541
214
762
228
207
137
196
778
179
186
327
141
166
567
150
527
899
745
577
1628
128
170
367
220
146
172
278
142
125
176
126
375
137
191
266
158
298
173
964
218
212
461
186
136
160
163
148
189
170
164
209
1458
403
981
507
265
782
129
218
565
101
144
122
175
163
145
360
158
172
154
174
140
242
373
244
131
466
809
1030
211
168
174
573
351
556
197
227
215
332
218
155
330
738
257
498
180
183
3868
729
331
513
508
226
204
138
135
167
206
158
193
334
120
234
140
133
271
225
169
170
147
156
234
151
488
101
187
486
281
187
148
285
344
138
133
204
161
239
194
565
205
492
113
139
172
108
159
144
226
200
237
160
211
114
132
127
142
130
233
722
228
125
189
126
165
203
186
167
198
151
189
105
134
144
160
152
251
125
232
471
3744
8274
3320
655
4021
756
150
172
