3449
354
677
1765
1281
968
707
1174
4328
1267
1038
350
283
247
241
130
132
129
136
262
112
162
309
1958
184
245
691
157
165
135
367
145
131
112
139
150
352
370
369
184
225
203
175
455
135
128
1098
516
194
225
171
125
139
180
209
256
170
243
190
252
366
677
276
343
276
304
143
124
457
528
165
236
230
173
240
1209
495
304
157
267
210
288
120
787
377
168
128
513
172
202
228
1183
174
172
311
140
195
128
5025
185
137
233
404
650
2200
1138
141
2742
160
422
592
544
2022
1682
158
736
1358
167
184
165
447
157
250
118
124
135
3333
1223
1463
8832
1934
2214
1880
4178
1470
627
354
319
158
1198
1889
1257
167
150
279
209
236
193
170
531
245
315
130
223
212
199
183
123
165
196
127
345
374
288
113
153
184
122
111
142
125
147
178
142
147
172
157
234
360
349
127
169
186
191
250
154
334
130
164
189
150
144
193
276
185
193
294
238
171
137
157
164
181
122
171
186
197
163
238
208
145
188
130
174
175
164
174
396
187
122
144
143
182
135
172
243
333
147
119
206
271
211
575
2047
423
329
840
716
675
142
135
157
205
170
247
517
155
277
110
162
288
1009
116
246
129
234
203
222
705
456
220
157
309
267
194
153
719
159
2673
149
164
135
427
1537
3792
1914
9386
127
3985
516
822
965
