221
214
154
883
377
1526
1502
375
1848
153
152
126
139
146
227
335
154
135
253
215
144
165
140
118
168
165
132
183
158
147
146
154
159
174
206
124
193
153
164
175
152
153
192
156
169
117
141
142
8324
137
915
954
1893
1437
6929
146
227
128
307
264
297
227
280
320
154
347
286
216
158
139
229
184
760
277
888
228
1987
1857
4982
1091
2465
436
267
196
268
413
1006
210
2422
2139
265
399
1080
240
2248
715
328
1379
242
193
974
215
1381
188
2285
676
272
663
1521
432
344
456
716
196
346
138
434
4379
691
133
272
442
399
1065
186
514
280
214
161
189
508
120
804
932
697
2754
852
1902
7456
204
217
760
523
621
176
1010
151
234
162
161
174
303
605
233
311
159
157
244
708
151
155
162
518
1126
1793
294
2045
198
574
663
317
129
120
713
257
138
243
1163
229
126
182
548
126
344
134
1179
275
3848
184
212
207
135
1436
1099
151
555
165
173
202
924
439
644
574
570
1486
197
175
217
2780
800
1278
479
796
1839
