544
253
3697
241
338
217
228
195
173
406
410
153
219
209
189
173
227
536
1031
2791
1708
316
243
6094
327
250
251
175
1549
203
174
207
209
139
182
257
244
258
198
185
215
226
382
277
227
138
516
226
4874
183
760
279
194
176
267
213
294
257
193
243
269
299
205
153
267
302
211
222
267
216
213
430
246
3382
238
658
226
295
448
134
200
3183
473
185
442
276
394
206
245
146
262
152
304
194
153
690
240
309
273
238
201
281
203
253
236
257
291
218
4383
463
226
225
226
371
340
1810
279
1557
628
468
300
261
145
314
265
485
418
248
185
363
192
260
252
289
3088
224
211
282
299
523
305
259
196
256
225
201
315
262
372
380
524
295
293
364
225
224
224
554
313
298
905
2455
792
2895
399
5453
570
399
184
171
336
294
172
152
278
225
186
226
236
180
206
815
356
369
189
193
3560
170
185
235
181
185
237
359
4967
151
4429
257
749
313
234
371
206
1460
4523
275
646
336
254
170
577
274
367
181
225
173
335
157
236
220
200
358
261
243
182
213
255
248
653
265
620
395
5487
398
399
248
944
392
886
342
321
1561
186
481
393
1167
162
191
145
175
181
292
240
254
247
282
3481
261
260
165
187
190
167
674
4302
159
1124
665
193
258
487
166
225
205
247
233
158
193
202
248
203
170
3671
177
191
251
225
336
219
197
262
223
611
331
294
314
171
569
428
327
201
347
327
265
358
731
187
1640
2814
1540
490
613
245
436
447
177
1582
393
378
536
218
538
300
236
641
196
166
157
165
187
194
250
530
275
6793
374
367
309
330
194
207
230
4361
369
488
360
469
656
1281
559
170
202
176
266
220
181
170
198
173
170
5410
193
240
203
171
168
183
251
513
349
317
332
122
280
530
1231
257
788
253
322
312
455
526
294
228
334
282
239
171
205
165
202
245
236
312
4486
209
182
203
201
218
194
212
163
220
187
235
216
225
352
231
452
952
386
225
224
173
219
242
266
224
2406
316
187
1076
218
293
172
181
226
258
185
274
171
234
254
228
168
196
543
263
259
232
210
272
766
350
198
246
197
340
366
403
354
261
211
453
292
202
192
184
246
936
195
229
3759
255
307
208
149
151
294
309
746
1322
1148
771
232
225
168
378
317
281
295
232
611
181
176
220
244
248
1660
2093
187
241
174
221
188
204
211
296
252
210
199
146
