214
183
212
368
521
1178
2043
321
171
169
154
358
195
148
112
128
182
204
146
203
572
279
242
160
205
164
164
239
396
175
229
215
156
139
236
173
231
151
211
201
157
197
175
197
176
1513
168
187
129
122
1711
1803
1067
269
1990
2697
204
177
1425
1612
767
536
1148
224
598
250
174
224
193
319
140
346
253
190
201
1162
155
1651
452
239
344
429
1189
1629
610
1539
211
648
2436
205
204
213
167
308
109
249
163
165
189
171
182
239
162
220
521
150
370
460
191
377
139
152
225
599
238
523
235
182
795
876
140
458
189
1001
148
255
151
179
155
154
109
255
258
309
465
185
198
240
3201
611
156
118
255
226
192
263
214
291
197
189
324
179
7392
275
147
137
203
138
274
148
357
205
183
138
143
179
129
169
167
133
160
240
173
287
13531
118
790
911
231
215
178
173
164
246
506
134
593
149
496
402
625
182
305
261
425
360
125
197
361
133
279
247
270
196
243
265
635
189
360
925
273
386
141
121
206
197
6796
3406
182
181
11970
1489
376
376
221
