3923
142
160
176
248
159
129
157
239
164
314
161
113
273
150
295
145
293
88
105
149
226
122
116
210
305
199
182
193
171
145
134
951
302
184
130
138
145
124
160
186
217
177
154
145
145
142
157
151
186
236
186
111
205
168
160
1090
204
348
231
2060
277
440
185
1119
587
918
358
207
263
257
234
158
247
725
131
1002
930
1679
256
649
455
323
3550
3641
199
170
216
757
989
149
146
124
122
94
239
235
292
641
204
665
180
2193
1667
1189
1320
679
654
255
149
168
866
1251
740
281
1021
2271
5473
1363
493
769
129
1092
171
207
220
213
252
651
739
2018
1752
329
444
260
136
794
219
215
176
270
199
245
154
230
238
120
389
380
185
580
204
198
149
195
139
146
198
243
326
162
189
219
148
151
157
193
234
162
151
125
174
133
161
232
189
131
167
352
128
156
186
143
155
154
131
164
150
343
128
136
132
146
229
256
221
205
188
209
367
149
203
1047
150
179
132
444
151
408
270
214
315
167
554
181
167
176
145
355
174
237
117
136
138
999
1021
1373
1395
1190
602
230
138
158
170
279
1132
173
1175
129
131
175
209
141
147
132
175
326
208
189
211
204
235
199
179
198
163
504
174
425
1729
96
150
136
281
231
162
165
309
194
737
1016
201
200
203
360
1206
172
719
840
10958
2273
172
233
633
