1375
3232
131
207
121
1352
121
160
493
682
3521
227
198
168
294
133
117
118
95
193
250
157
162
204
189
268
217
279
180
327
174
238
169
210
135
172
139
191
241
203
174
126
212
123
292
245
156
175
136
2903
1604
141
175
156
149
207
124
290
713
616
416
5025
1093
251
1461
150
217
443
1973
226
164
2344
476
159
870
4202
110
154
190
238
190
190
195
172
327
231
193
368
103
186
118
217
144
423
293
178
185
177
184
296
489
159
493
302
392
465
172
429
263
127
461
133
423
386
508
224
185
217
384
649
204
210
132
176
161
160
118
137
395
177
134
199
237
177
141
151
131
182
174
2362
225
140
99
174
251
141
155
155
814
7068
261
484
198
131
109
141
118
144
291
160
187
189
118
104
128
185
191
140
145
244
1172
1433
864
747
233
161
194
189
864
205
609
120
799
489
646
3694
257
127
6195
168
182
145
166
131
109
124
194
242
159
727
1283
164
556
438
148
146
140
623
266
174
346
151
169
146
135
290
176
154
1481
3227
1036
5182
2796
1678
280
990
3019
