856
245
176
893
2846
221
5068
154
365
155
114
220
172
161
173
148
156
244
2220
156
122
141
154
223
145
92
126
215
193
149
243
240
231
254
111
154
146
156
125
278
239
125
176
163
176
425
154
528
198
452
144
259
191
128
334
148
134
435
2146
4394
655
208
851
259
184
249
783
116
153
112
423
133
110
499
375
216
216
276
211
167
161
207
130
208
207
490
206
161
169
149
147
117
240
227
336
781
439
210
174
239
162
175
183
302
962
2150
146
182
233
163
142
637
300
489
189
188
758
187
177
113
135
124
164
134
378
209
184
558
150
170
224
291
512
178
164
200
1161
179
206
311
145
217
257
154
195
134
205
152
171
215
188
258
143
158
273
208
136
205
148
706
337
894
115
171
187
207
119
356
201
134
326
226
307
287
278
154
1426
160
934
108
738
949
185
1319
424
271
686
159
302
180
132
349
206
221
1179
306
169
169
189
844
369
1124
209
127
168
211
300
147
301
147
162
175
404
236
128
761
386
146
329
4080
130
126
175
180
166
202
329
497
181
263
183
621
208
271
173
409
237
854
241
298
188
144
1259
817
507
1362
535
153
413
568
570
385
129
269
553
1387
122
213
1787
388
333
221
173
1118
371
97
827
138
119
183
13837
3969
224
127
316
165
97
4287
133
148
