649
2987
164
417
142
156
157
254
124
148
1797
219
1119
117
154
141
1464
270
164
184
175
185
156
269
102
258
155
103
128
104
245
476
177
156
141
141
201
294
1236
481
191
639
217
223
2810
158
123
164
271
102
220
271
203
215
310
4902
949
142
556
1010
773
145
179
953
572
309
8271
170
189
247
185
1063
3716
135
222
262
230
236
225
1779
530
372
180
179
3185
2267
1325
421
452
607
2372
1027
1351
477
808
1921
836
127
1290
838
1671
154
1496
251
1157
1054
124
1702
641
549
496
157
1301
272
808
160
205
244
360
192
1184
144
573
375
144
1199
168
1517
162
411
2051
1325
1295
837
838
6199
334
1818
589
326
1108
2794
342
211
682
3512
444
229
1906
1436
234
278
1281
799
545
182
1148
453
461
275
220
249
577
1567
1019
896
1112
234
158
161
237
121
225
280
777
132
132
915
201
307
389
215
218
182
189
178
189
293
747
624
168
1169
772
139
193
530
624
3002
3815
677
114
11565
3092
385
381
1503
164
138
526
202
134
