291
120
453
883
1460
372
1250
169
1246
140
3742
401
213
211
325
168
513
136
635
980
641
179
161
1475
1417
823
181
216
167
131
154
227
180
204
156
149
134
148
210
169
129
143
115
129
176
247
238
125
142
755
299
202
217
254
212
776
5434
223
1255
1608
1176
1560
348
536
142
144
277
194
349
120
236
152
321
206
325
232
221
256
158
263
149
538
129
112
158
134
196
221
177
184
178
241
628
265
216
193
313
179
131
121
173
952
2843
5524
2468
701
423
2848
268
124
290
1307
481
1337
741
349
298
363
168
157
1007
248
158
99
158
167
199
316
141
167
242
220
3360
1344
510
391
1044
195
2219
481
864
161
549
143
161
209
135
405
228
362
3009
631
372
144
333
866
319
266
381
10815
163
561
142
146
118
127
283
241
233
369
217
261
172
3581
133
737
484
177
955
1003
887
504
241
4521
3555
865
3686
216
1534
211
1562
1518
906
1021
2196
179
655
484
223
284
165
208
246
144
357
394
1393
424
833
476
179
420
142
455
154
252
443
128
179
384
208
209
183
324
164
506
295
165
136
225
146
316
140
211
186
202
337
143
132
150
3291
1971
1877
148
472
166
8232
158
603
1084
173
104
614
256
421
594
1666
604
190
136
149
2952
25520
376
196
295
416
138
232
146
929
992
