1403
201
176
147
1534
158
418
218
546
168
136
133
432
154
197
215
140
245
192
512
234
174
172
150
191
157
158
189
192
190
133
136
145
183
347
492
202
547
150
292
205
187
217
102
614
178
127
191
178
206
219
229
132
542
140
646
142
341
132
264
180
154
123
151
206
312
256
127
165
186
1064
211
155
138
174
222
126
356
264
277
113
591
1791
131
177
125
128
144
112
413
127
152
144
161
147
321
178
205
205
168
675
141
211
248
390
225
153
308
193
308
125
173
161
204
259
180
195
150
211
164
163
176
120
169
139
161
337
119
236
250
878
812
4604
14436
3045
184
3234
1779
323
211
1563
1618
156
175
193
204
482
640
770
340
360
316
216
158
536
1041
125
329
216
516
1029
260
570
189
192
140
117
160
186
162
183
698
303
418
620
439
185
420
215
1000
251
1936
533
286
151
412
160
252
155
131
194
285
131
132
3253
387
165
202
224
251
182
155
211
124
192
238
266
117
144
178
141
172
163
115
150
181
872
184
151
279
173
126
160
297
166
132
166
217
222
235
130
603
316
392
221
256
294
1864
478
442
622
151
136
183
644
257
158
116
359
189
157
603
319
142
160
137
121
197
134
155
254
215
186
169
164
223
176
167
192
104
179
140
162
176
37987
668
218
244
564
202
140
2167
