717
340
3451
176
294
203
297
194
216
209
195
208
260
270
177
194
349
442
947
3014
1151
719
687
251
469
695
282
239
282
335
171
192
149
181
185
254
179
182
210
248
162
256
222
229
192
203
169
274
286
200
219
167
232
232
205
350
223
298
248
241
267
253
1775
199
328
206
208
294
307
362
224
189
223
9791
278
175
246
207
178
186
204
2968
472
276
183
295
255
221
159
173
309
214
232
204
294
257
291
243
274
1107
209
195
226
255
477
262
267
186
542
241
218
171
183
221
192
834
191
340
208
369
434
156
166
260
258
281
269
254
290
172
265
220
299
399
382
190
355
272
306
248
259
224
232
283
217
219
243
242
399
202
529
1176
1421
179
187
133
196
226
199
364
627
311
210
251
213
423
236
338
281
329
237
200
315
267
349
351
166
298
259
251
267
1067
234
6885
166
184
4263
223
182
224
210
208
184
226
655
208
222
215
252
221
213
358
257
936
2841
160
262
206
216
218
377
172
905
196
201
187
204
143
200
194
199
165
296
337
215
219
242
244
175
357
926
244
186
523
752
435
376
258
762
591
319
883
207
343
168
280
399
261
228
257
146
258
6184
201
195
4408
139
173
183
259
200
4146
290
3951
334
223
408
327
273
171
189
184
206
218
204
181
168
200
208
220
205
4953
266
347
272
197
261
169
178
507
655
221
168
144
245
196
449
245
192
232
160
215
204
252
198
199
6208
2949
1275
549
1152
349
415
403
141
178
295
569
678
424
484
5825
476
380
311
359
730
217
304
436
245
451
449
375
259
214
215
169
308
216
216
214
4048
222
205
179
217
240
232
224
245
238
253
234
276
183
178
224
247
1987
2531
255
239
242
213
313
241
166
1132
245
168
260
162
233
169
243
214
255
236
164
212
196
214
191
219
284
1132
3961
152
187
265
218
238
210
163
3286
292
223
269
199
222
188
151
197
188
197
235
170
327
373
258
225
232
1547
189
174
212
227
219
221
211
902
3922
190
320
240
227
235
260
235
188
208
166
165
221
219
231
197
1603
191
1682
229
285
251
220
168
231
246
238
638
410
1659
231
209
348
235
390
200
296
171
233
323
285
291
185
4009
250
241
222
173
153
209
394
1242
4065
1265
417
311
396
286
260
258
149
211
257
777
3706
832
1175
278
270
3259
247
261
169
188
285
271
305
2595
220
279
185
191
