1967
147
138
175
285
162
197
155
254
227
150
1118
4145
696
170
189
284
609
217
1743
166
189
148
151
218
150
261
379
178
131
905
202
159
148
158
163
338
167
167
279
177
184
194
163
278
200
853
1312
131
159
120
385
362
441
253
435
293
857
135
211
509
1603
111
325
166
142
131
446
138
221
182
1753
193
130
160
1495
222
257
259
346
213
191
296
123
192
197
247
181
135
185
118
447
2244
154
167
219
3743
1008
339
359
932
536
238
296
2148
145
231
154
374
280
306
654
759
167
376
1901
1240
241
141
701
154
627
170
250
237
194
130
113
279
219
298
309
125
147
170
179
2804
264
163
227
248
306
228
157
168
149
174
126
234
172
289
422
241
279
188
136
180
155
96
133
118
137
159
283
241
206
298
164
143
241
179
166
189
445
280
309
2412
1091
190
1087
780
727
165
185
647
493
726
175
522
157
361
344
351
773
169
194
210
557
181
129
258
178
124
286
224
528
137
511
721
608
366
2243
168
205
176
1067
168
210
133
243
7708
1123
644
1403
648
