330
127
1489
130
111
608
91
255
202
956
126
266
1159
216
149
138
120
619
167
241
149
202
1524
148
268
686
212
3220
171
218
491
1133
165
2097
309
210
177
271
219
206
338
267
339
186
2363
560
159
137
152
162
144
163
146
160
121
123
216
235
170
215
160
127
177
182
193
178
109
183
239
216
182
360
229
1475
269
343
2407
477
158
755
476
2414
262
136
558
139
2053
986
1875
209
568
342
405
282
366
203
137
254
170
232
397
277
176
219
165
184
132
126
157
232
390
704
494
316
2448
1128
917
140
674
325
5855
143
156
106
266
168
286
435
154
118
283
150
139
151
153
571
200
169
558
152
323
202
416
158
215
176
200
259
163
178
163
176
198
140
121
262
140
191
156
163
142
221
149
147
140
227
1401
1704
1289
322
190
252
306
175
201
139
174
175
110
156
111
352
178
160
138
151
157
179
302
145
670
111
233
162
205
208
440
154
131
120
186
272
310
1533
180
203
210
133
236
621
135
213
533
153
224
123
564
224
4167
2921
3280
212
166
156
208
180
1156
