218
193
142
184
379
326
9826
1372
5292
752
274
242
215
252
337
359
304
610
318
648
185
193
282
145
181
171
263
167
169
120
212
257
112
585
309
232
196
231
303
263
197
153
177
205
181
348
131
121
382
146
124
129
180
241
937
1222
616
199
368
3766
213
123
329
214
227
190
168
221
217
183
600
1098
166
550
955
1355
1807
970
470
1386
554
4809
808
245
1734
735
179
171
131
162
158
161
216
166
408
241
1017
133
280
118
2499
555
118
168
124
138
175
152
148
154
209
197
224
184
142
216
118
142
185
180
149
120
130
139
137
130
184
183
237
1508
211
321
898
6000
3052
944
568
503
152
244
194
541
416
1370
132
1818
883
260
206
101
211
248
660
138
96
173
136
162
207
317
143
283
199
161
131
133
193
175
582
175
180
130
1360
371
842
1103
221
169
406
154
125
160
146
175
230
215
231
160
232
119
409
119
167
299
178
112
182
146
194
319
511
186
132
158
218
247
162
139
163
225
178
285
104
170
139
143
190
168
235
344
199
208
217
1002
446
2227
723
190
124
265
229
178
335
138
469
168
263
1035
183
198
602
285
213
291
187
481
111
263
288
217
178
195
3593
264
258
191
205
187
247
171
639
572
212
680
195
1160
176
160
185
137
210
146
152
230
222
1483
4707
2250
183
6469
168
349
340
999
153
