405
349
159
165
278
244
1613
126
470
10027
145
211
204
896
360
268
160
134
241
346
173
287
147
170
150
867
188
165
1359
174
558
183
539
200
209
155
129
171
134
155
267
206
179
158
167
175
145
178
217
176
124
173
196
157
159
136
189
91
144
149
181
174
244
208
410
128
169
181
143
239
186
10913
7393
476
181
6915
872
336
124
437
138
275
170
257
224
188
164
176
159
267
176
281
120
206
190
186
172
331
211
445
358
517
179
165
159
175
174
163
297
211
272
151
186
153
254
132
175
183
220
124
130
138
235
169
184
160
150
161
122
430
198
149
276
147
157
109
116
104
164
125
135
134
213
180
223
410
1636
2146
3875
714
425
382
1538
198
155
191
281
525
464
718
127
1163
1517
127
108
269
142
137
1140
740
145
353
785
518
555
400
658
138
137
156
234
844
223
231
223
141
143
321
143
1599
1980
139
296
982
130
132
175
254
189
253
351
207
653
883
138
289
5584
792
153
1173
900
600
251
135
1484
150
838
140
319
460
813
3935
627
637
219
315
906
559
638
938
237
121
377
176
215
241
503
1249
1250
604
435
178
1224
207
209
162
163
179
230
247
347
207
184
204
156
125
127
202
154
3146
191
536
246
212
516
270
149
212
484
8318
580
291
176
543
348
127
433
146
1683
11143
555
185
210
1102
134
166
112
135
172
