333
257
130
182
376
786
5985
3547
3206
3041
294
248
140
398
737
237
1010
325
1391
1276
239
519
719
121
242
465
224
112
166
245
235
304
139
130
226
171
477
148
198
200
142
197
122
137
114
185
271
303
162
144
224
348
7048
178
3549
3412
2631
530
782
128
454
245
1090
167
141
158
154
270
272
118
184
1188
702
268
135
424
197
174
136
416
359
348
179
148
309
265
304
184
147
155
236
159
353
491
206
266
139
1446
402
157
209
174
132
2417
773
379
1656
264
267
146
965
484
214
252
367
321
171
227
323
220
181
140
224
481
158
186
166
204
207
211
215
223
220
182
262
184
175
258
167
124
143
122
125
243
159
179
239
119
321
130
226
322
435
576
128
281
262
343
112
4778
186
137
141
329
184
159
140
653
126
238
747
562
147
6942
692
151
253
174
353
185
289
575
2699
278
580
1956
282
231
3304
321
201
1669
1413
134
3184
980
270
199
555
562
272
180
201
214
390
922
158
92
268
592
556
640
4908
649
702
319
414
203
310
146
258
679
323
219
302
315
742
658
958
178
136
132
168
617
174
371
136
768
178
141
171
154
568
189
1162
189
552
386
557
568
277
194
1537
119
151
207
164
218
430
333
202
156
200
134
39398
12535
3846
7221
1885
127
220
133
