409
3162
183
222
179
1032
150
1057
1799
250
888
170
187
143
257
178
168
444
351
279
204
201
108
155
139
388
173
254
338
189
211
162
149
191
154
200
200
487
187
254
212
594
202
135
141
181
419
2772
2079
165
232
174
369
323
161
186
114
221
210
216
132
300
191
407
181
244
867
392
140
177
100
225
189
209
176
273
649
503
199
172
324
3398
180
241
116
344
534
206
125
187
155
427
711
194
320
952
212
2311
1920
8434
355
189
443
168
468
192
371
481
2838
652
1364
134
916
162
905
571
633
303
608
1066
130
5666
138
204
160
347
542
137
740
515
161
1604
119
1684
1541
226
821
1008
448
158
212
131
2797
172
239
151
174
166
223
114
391
444
373
404
267
467
388
311
4270
472
1043
461
184
165
1340
423
668
549
402
357
632
364
121
166
197
594
240
172
226
323
289
256
179
237
1722
136
890
1166
228
302
192
187
147
1028
1144
2258
372
523
155
580
201
387
372
434
435
534
1901
8072
4183
8608
12454
296
136
833
1594
175
