193
239
204
166
302
101
141
2340
694
412
201
215
255
155
135
113
115
128
244
161
207
198
140
1104
2941
259
2277
768
933
247
610
216
348
155
785
312
1145
656
349
248
117
125
165
152
268
162
173
351
175
217
166
208
249
799
204
243
361
144
185
175
113
198
225
205
656
146
219
282
199
414
258
205
239
1445
150
218
184
1506
167
115
154
145
116
135
217
230
197
253
212
468
212
663
282
227
174
140
500
304
149
164
244
777
211
234
174
217
153
190
216
208
233
229
178
261
114
172
138
568
1916
7114
1661
516
2749
313
972
454
170
591
3491
778
167
477
1030
276
157
2037
184
143
265
157
111
166
103
320
172
266
1941
193
192
211
246
246
216
372
150
201
162
127
148
132
170
149
220
157
207
174
160
222
225
324
283
169
260
252
206
231
130
149
169
194
146
244
315
235
266
156
168
144
150
135
147
265
143
210
138
136
188
583
243
129
106
179
208
180
126
173
163
195
147
180
323
121
146
231
139
329
157
265
195
451
150
135
99
116
123
133
269
170
196
108
157
129
122
144
159
285
129
222
236
163
540
610
287
550
624
161
230
1451
190
221
139
130
170
126
155
110
260
203
254
110
91
136
98
129
371
436
207
208
190
197
162
159
199
126
179
172
266
201
173
170
213
195
202
194
168
182
198
197
136
187
239
887
17856
5396
1306
557
4528
470
1215
183
4265
