362
264
138
178
125
160
2899
1839
5854
4934
655
518
174
205
140
189
434
260
247
133
129
211
256
449
180
177
234
201
165
162
195
216
132
203
138
121
146
92
102
151
234
115
459
188
574
149
139
1049
237
180
132
185
181
199
1272
4762
1184
2905
128
546
378
6693
253
266
199
842
151
149
162
189
145
146
119
220
1143
205
955
830
667
354
3808
1515
1435
326
203
131
248
111
148
114
141
112
181
218
326
160
270
330
274
1926
182
1439
503
753
671
117
787
1174
247
359
186
1148
1548
1200
99
146
193
240
133
187
1350
156
322
216
204
281
191
201
3823
347
361
144
461
281
287
405
236
232
118
154
137
138
833
438
190
1075
158
205
179
344
156
138
246
157
192
192
198
224
120
126
101
136
145
299
289
208
267
159
250
118
186
250
268
200
646
168
167
174
141
280
144
174
211
169
166
280
243
124
285
214
155
2942
4044
242
148
263
648
160
197
294
159
335
844
210
220
186
153
193
170
199
137
165
127
183
306
536
118
146
557
234
259
162
338
4542
232
227
203
198
188
372
181
261
351
96
1039
137
191
772
460
171
608
190
291
195
115
336
161
206
132
181
185
123
258
205
192
242
144
511
165
167
180
127
388
215
238
169
248
147
131
301
632
10680
1373
297
793
1113
605
645
146
198
172
