2363
247
91
116
635
371
461
588
186
162
147
100
250
172
619
563
563
875
2998
419
525
129
393
173
205
161
222
148
178
248
219
266
194
206
212
129
129
133
502
374
164
207
2055
218
222
237
234
168
169
241
128
196
189
180
167
265
661
189
121
125
234
350
131
199
311
219
184
411
183
273
180
122
1441
2360
2114
667
313
193
200
221
148
160
1285
241
153
2698
216
127
1578
1012
643
319
562
2514
755
118
2780
371
466
144
579
3747
156
238
342
148
149
188
449
536
155
481
162
189
4588
365
5331
914
134
1573
228
129
225
631
206
148
223
319
230
167
308
234
285
206
191
182
307
131
165
160
1474
139
99
493
864
2754
1332
1308
263
463
571
982
1231
733
194
241
429
470
417
155
221
203
2524
1100
1839
1546
324
149
1182
124
5038
383
290
185
143
133
152
176
112
208
1171
1304
164
158
2338
624
156
389
262
421
801
445
702
697
235
278
173
116
259
120
264
154
3090
124
120
150
182
203
134
159
192
139
155
147
147
176
258
130
434
193
151
215
170
144
202
121
148
195
179
1115
154
344
141
326
475
183
513
246
228
260
216
172
143
126
838
222
159
402
246
475
327
277
694
286
214
200
121
144
390
162
143
162
182
166
255
142
224
480
173
175
178
357
199
164
1211
687
398
229
834
164
152
132
151
127
950
1259
8079
537
1840
179
404
204
