163
301
237
174
297
113
153
149
165
152
209
114
261
156
597
1192
411
156
95
104
182
151
93
3155
2092
421
644
418
1197
674
141
490
506
817
185
636
515
165
1691
172
402
757
169
152
119
125
144
164
142
211
255
159
197
182
155
249
198
220
136
143
113
323
165
258
185
153
268
176
259
824
212
1585
9468
524
195
269
1417
368
222
458
158
141
189
166
170
224
266
2738
419
505
132
166
119
138
153
131
256
187
215
244
174
183
214
328
205
131
183
160
248
180
322
269
485
121
114
264
946
3587
136
178
203
217
245
202
198
163
154
133
177
129
224
233
202
155
174
183
124
116
134
144
167
130
123
189
205
731
372
392
241
162
179
158
232
201
186
198
685
229
212
232
278
192
213
151
232
133
171
157
214
218
191
136
135
258
136
337
148
297
122
146
136
130
143
172
153
184
319
151
177
180
142
126
128
177
140
244
123
166
239
239
159
220
200
248
217
259
170
192
212
184
255
287
402
229
149
205
180
227
210
278
269
480
149
175
203
168
129
245
206
129
170
217
159
257
173
169
244
251
378
197
297
712
651
180
159
171
187
155
184
191
150
616
159
142
176
553
223
148
125
131
131
186
212
241
189
239
180
182
149
206
270
248
239
398
517
476
216
309
202
126
174
334
183
348
289
175
386
173
194
164
131
1282
11182
6150
7035
6810
589
147
2228
1123
687
